#
# A fatal error has been detected by the Java Runtime Environment:
#
#  SIGBUS (0x7) at pc=0x00007f14bbec169e, pid=83, tid=101
#
# JRE version: OpenJDK Runtime Environment GraalVM CE 22.3.0 (17.0.5+8) (build 17.0.5+8-jvmci-22.3-b08)
# Java VM: OpenJDK 64-Bit Server VM GraalVM CE 22.3.0 (17.0.5+8-jvmci-22.3-b08, mixed mode, sharing, tiered, jvmci, jvmci compiler, compressed oops, compressed class ptrs, g1 gc, linux-amd64)
# Problematic frame:
# V  [libjvm.so+0xc1969e]  PerfLongVariant::sample()+0x1e
#
# Core dump will be written. Default location: Core dumps may be processed with "/usr/share/apport/apport -p%p -s%s -c%c -d%d -P%P -u%u -g%g -- %E" (or dumping to /home/runner/92-Breakout/core.83)
#
# If you would like to submit a bug report, please visit:
#   https://github.com/oracle/graal/issues
#

---------------  S U M M A R Y ------------

Command Line: -XX:ThreadPriorityPolicy=1 -XX:+UnlockExperimentalVMOptions -XX:+EnableJVMCIProduct -XX:JVMCIThreadsPerNativeLibraryRuntime=1 -XX:-UnlockExperimentalVMOptions Main

Host: AMD EPYC 7B12, 8 cores, 3G, Ubuntu 20.04.2 LTS
Time: Mon Apr 17 18:49:05 2023 UTC elapsed time: 600.643132 seconds (0d 0h 10m 0s)

---------------  T H R E A D  ---------------

Current thread (0x00007f14b4126620):  WatcherThread [stack: 0x00007f145be00000,0x00007f145bf00000] [id=101]

Stack: [0x00007f145be00000,0x00007f145bf00000],  sp=0x00007f145befecc0,  free space=1019k
Native frames: (J=compiled Java code, j=interpreted, Vv=VM code, C=native code)
V  [libjvm.so+0xc1969e]  PerfLongVariant::sample()+0x1e
V  [libjvm.so+0xcc65d2]  StatSamplerTask::task()+0x32
V  [libjvm.so+0xd471dc]  PeriodicTask::real_time_tick(int)+0x5c
V  [libjvm.so+0xbae367]  WatcherThread::run()+0x47
V  [libjvm.so+0xd85a40]  Thread::call_run()+0xc0
V  [libjvm.so+0xbdb1e1]  thread_native_entry(Thread*)+0xe1


siginfo: si_signo: 7 (SIGBUS), si_code: 2 (BUS_ADRERR), si_addr: 0x00007f14bb09b2d8

Register to memory mapping:

RAX=0x0000007d8537b869 is an unknown value
RBX=0x00007f14bb09b2d8 points into unknown readable memory: 0x0000007d8239b6e5 | e5 b6 39 82 7d 00 00 00
RCX=0x0000000000000018 is an unknown value
RDX=0x000000000021ea54 is an unknown value
RSP=0x00007f145befecc0 points into unknown readable memory: 0x00007f14b4024910 | 10 49 02 b4 14 7f 00 00
RBP=0x00007f145befecd0 points into unknown readable memory: 0x00007f145befecf0 | f0 ec ef 5b 14 7f 00 00
RSI=0x00007f145befec90 points into unknown readable memory: 0x0000000000001201 | 01 12 00 00 00 00 00 00
RDI=0x0000000000000001 is an unknown value
R8 =0x00007fff1f7f7080 points into unknown readable memory: 0x0000000100226216 | 16 62 22 00 01 00 00 00
R9 =0x0000000000001201 is an unknown value
R10=0x00007fff1f7f7090 points into unknown readable memory: 0xffffffffffffffff | ff ff ff ff ff ff ff ff
R11=0x000000000021ea54 is an unknown value
R12=0x00007f14b4126520 points into unknown readable memory: 0x00007f14b4126540 | 40 65 12 b4 14 7f 00 00
R13=0x0000000000000001 is an unknown value
R14=0x0000000000000002 is an unknown value
R15=0x00007f14bc4dfd40: <offset 0x0000000001237d40> in /nix/store/gpxl5qgg8kicmcvivwmybwjlpf7wh20l-graalvm17-ce-22.3.0/lib/server/libjvm.so at 0x00007f14bb2a8000


Registers:
RAX=0x0000007d8537b869, RBX=0x00007f14bb09b2d8, RCX=0x0000000000000018, RDX=0x000000000021ea54
RSP=0x00007f145befecc0, RBP=0x00007f145befecd0, RSI=0x00007f145befec90, RDI=0x0000000000000001
R8 =0x00007fff1f7f7080, R9 =0x0000000000001201, R10=0x00007fff1f7f7090, R11=0x000000000021ea54
R12=0x00007f14b4126520, R13=0x0000000000000001, R14=0x0000000000000002, R15=0x00007f14bc4dfd40
RIP=0x00007f14bbec169e, EFLAGS=0x0000000000010216, CSGSFS=0x002b000000000033, ERR=0x0000000000000007
  TRAPNO=0x000000000000000e

Top of Stack: (sp=0x00007f145befecc0)
0x00007f145befecc0:   00007f14b4024910 0000000000000001
0x00007f145befecd0:   00007f145befecf0 00007f14bbf6e5d2
0x00007f145befece0:   0000000000000032 0000000000000032
0x00007f145befecf0:   00007f145befed40 00007f14bbfef1dc 

Instructions: (pc=0x00007f14bbec169e)
0x00007f14bbec159e:   40 00 31 f6 4c 89 e7 e8 36 d4 16 00 e9 80 ff ff
0x00007f14bbec15ae:   ff 90 31 f6 4c 89 e7 e8 26 d4 16 00 e9 0f ff ff
0x00007f14bbec15be:   ff 90 31 f6 4c 89 e7 e8 16 d4 16 00 e9 96 fe ff
0x00007f14bbec15ce:   ff 90 be 01 00 00 00 4c 89 e7 e8 73 03 07 00 e9
0x00007f14bbec15de:   63 fe ff ff 66 0f 1f 44 00 00 be 01 00 00 00 4c
0x00007f14bbec15ee:   89 e7 e8 5b 03 07 00 e9 19 ff ff ff 66 0f 1f 44
0x00007f14bbec15fe:   00 00 48 8d 05 01 3d 5b 00 48 8d 0d 3a d7 29 00
0x00007f14bbec160e:   48 8d 15 49 d7 29 00 be 44 01 00 00 48 8d 3d 9f
0x00007f14bbec161e:   f4 2e 00 48 8b 00 c6 00 58 31 c0 e8 32 21 9c ff
0x00007f14bbec162e:   e8 4d c5 fb ff e9 ba fe ff ff 0f 1f 84 00 00 00
0x00007f14bbec163e:   00 00 be 01 00 00 00 4c 89 e7 e8 03 03 07 00 e9
0x00007f14bbec164e:   50 fe ff ff 66 0f 1f 44 00 00 4c 89 e7 45 31 e4
0x00007f14bbec165e:   e8 cd 7e 16 00 e9 bc fd ff ff 0f 1f 84 00 00 00
0x00007f14bbec166e:   00 00 66 66 66 66 66 66 2e 0f 1f 84 00 00 00 00
0x00007f14bbec167e:   00 00 4c 8b 47 38 4d 85 c0 74 27 55 48 89 e5 53
0x00007f14bbec168e:   48 83 ec 08 49 8b 00 48 8b 5f 28 4c 89 c7 ff 10
0x00007f14bbec169e:   48 89 03 48 8b 5d f8 c9 c3 66 0f 1f 84 00 00 00
0x00007f14bbec16ae:   00 00 c3 90 66 66 2e 0f 1f 84 00 00 00 00 00 0f
0x00007f14bbec16be:   1f 00 49 89 f8 48 89 f7 48 63 f2 49 8b 40 28 48
0x00007f14bbec16ce:   8d 15 fb 11 28 00 48 8b 08 31 c0 e9 d2 d3 62 ff
0x00007f14bbec16de:   66 90 49 89 f8 31 c0 48 89 f7 48 63 f2 49 8b 48
0x00007f14bbec16ee:   28 48 8d 15 9d 81 27 00 e9 b5 d3 62 ff 90 0f 1f
0x00007f14bbec16fe:   40 00 55 48 8d 05 a8 b7 5a 00 66 41 0f 6e c0 66
0x00007f14bbec170e:   0f 6e c9 66 0f 62 c1 48 89 e5 41 57 49 89 d7 41
0x00007f14bbec171e:   56 41 55 4c 63 ee 41 54 53 48 89 fb 48 83 ec 18
0x00007f14bbec172e:   48 89 07 48 8d 05 68 7f 5c 00 48 c7 47 08 00 00
0x00007f14bbec173e:   00 00 4e 8b 34 e8 c6 47 18 00 48 c7 47 28 00 00
0x00007f14bbec174e:   00 00 66 0f d6 47 10 48 89 d7 e8 83 d3 62 ff 4c
0x00007f14bbec175e:   89 f7 48 89 45 c8 e8 77 d3 62 ff 48 8b 55 c8 be
0x00007f14bbec176e:   08 00 00 00 48 8d 7c 02 02 31 d2 e8 b2 6e 78 ff
0x00007f14bbec177e:   48 89 43 08 48 89 c7 41 83 fd 18 74 55 4c 89 f2
0x00007f14bbec178e:   4c 89 f9 48 8d 35 3f 43 28 00 31 c0 e8 21 d5 62 


Stack slot to memory mapping:
stack at sp + 0 slots: 0x00007f14b4024910 points into unknown readable memory: 0x00007f14b4126620 | 20 66 12 b4 14 7f 00 00
stack at sp + 1 slots: 0x0000000000000001 is an unknown value
stack at sp + 2 slots: 0x00007f145befecf0 points into unknown readable memory: 0x00007f145befed40 | 40 ed ef 5b 14 7f 00 00
stack at sp + 3 slots: 0x00007f14bbf6e5d2: <offset 0x0000000000cc65d2> in /nix/store/gpxl5qgg8kicmcvivwmybwjlpf7wh20l-graalvm17-ce-22.3.0/lib/server/libjvm.so at 0x00007f14bb2a8000
stack at sp + 4 slots: 0x0000000000000032 is an unknown value
stack at sp + 5 slots: 0x0000000000000032 is an unknown value
stack at sp + 6 slots: 0x00007f145befed40 points into unknown readable memory: 0x00007f145befedc0 | c0 ed ef 5b 14 7f 00 00
stack at sp + 7 slots: 0x00007f14bbfef1dc: <offset 0x0000000000d471dc> in /nix/store/gpxl5qgg8kicmcvivwmybwjlpf7wh20l-graalvm17-ce-22.3.0/lib/server/libjvm.so at 0x00007f14bb2a8000


---------------  P R O C E S S  ---------------

Threads class SMR info:
_java_thread_list=0x00007f143c00a6c0, length=16, elements={
0x00007f14b40c1bc0, 0x00007f14b40c2ff0, 0x00007f14b40c8370, 0x00007f14b40c9730,
0x00007f14b40cab50, 0x00007f14b40cc570, 0x00007f14b40cdab0, 0x00007f14b40cef30,
0x00007f14b40dd370, 0x00007f14b4124c60, 0x00007f14b4214d60, 0x00007f14b4216c20,
0x00007f14b421a420, 0x00007f14b421b370, 0x00007f14b4026420, 0x00007f1438071df0
}

Java Threads: ( => current thread )
  0x00007f14b40c1bc0 JavaThread "Reference Handler" daemon [_thread_blocked, id=91, stack(0x00007f14b8197000,0x00007f14b8297000)]
  0x00007f14b40c2ff0 JavaThread "Finalizer" daemon [_thread_blocked, id=92, stack(0x00007f14b8097000,0x00007f14b8197000)]
  0x00007f14b40c8370 JavaThread "Signal Dispatcher" daemon [_thread_blocked, id=93, stack(0x00007f149881a000,0x00007f149891a000)]
  0x00007f14b40c9730 JavaThread "Service Thread" daemon [_thread_blocked, id=94, stack(0x00007f149871a000,0x00007f149881a000)]
  0x00007f14b40cab50 JavaThread "Monitor Deflation Thread" daemon [_thread_blocked, id=95, stack(0x00007f149861a000,0x00007f149871a000)]
  0x00007f14b40cc570 JavaThread "JVMCI-native CompilerThread0" daemon [_thread_blocked, id=96, stack(0x00007f149841a000,0x00007f149861a000)]
  0x00007f14b40cdab0 JavaThread "C1 CompilerThread0" daemon [_thread_blocked, id=97, stack(0x00007f149821a000,0x00007f149841a000)]
  0x00007f14b40cef30 JavaThread "Sweeper thread" daemon [_thread_blocked, id=98, stack(0x00007f149811a000,0x00007f149821a000)]
  0x00007f14b40dd370 JavaThread "Common-Cleaner" daemon [_thread_blocked, id=99, stack(0x00007f149801a000,0x00007f149811a000)]
  0x00007f14b4124c60 JavaThread "Notification Thread" daemon [_thread_blocked, id=100, stack(0x00007f145bf00000,0x00007f145c000000)]
  0x00007f14b4214d60 JavaThread "Java2D Disposer" daemon [_thread_blocked, id=389, stack(0x00007f1458300000,0x00007f1458400000)]
  0x00007f14b4216c20 JavaThread "AWT-XAWT" daemon [_thread_in_native, id=390, stack(0x00007f1458100000,0x00007f1458200000)]
  0x00007f14b421a420 JavaThread "AWT-Shutdown" [_thread_blocked, id=391, stack(0x00007f1453f00000,0x00007f1454000000)]
  0x00007f14b421b370 JavaThread "AWT-EventQueue-0" [_thread_blocked, id=392, stack(0x00007f1453d00000,0x00007f1453e00000)]
  0x00007f14b4026420 JavaThread "DestroyJavaVM" [_thread_blocked, id=84, stack(0x00007f14bb0c3000,0x00007f14bb1c3000)]
  0x00007f1438071df0 JavaThread "TimerQueue" daemon [_thread_blocked, id=394, stack(0x00007f1453900000,0x00007f1453a00000)]

Other Threads:
  0x00007f14b40bd8e0 VMThread "VM Thread" [stack: 0x00007f14b8299000,0x00007f14b8399000] [id=90]
=>0x00007f14b4126620 WatcherThread [stack: 0x00007f145be00000,0x00007f145bf00000] [id=101]
  0x00007f14b405ca40 GCTaskThread "GC Thread#0" [stack: 0x00007f14b8c93000,0x00007f14b8d93000] [id=85]
  0x00007f147c0049d0 GCTaskThread "GC Thread#1" [stack: 0x00007f1450100000,0x00007f1450200000] [id=395]
  0x00007f147c005450 GCTaskThread "GC Thread#2" [stack: 0x00007f142ff00000,0x00007f1430000000] [id=396]
  0x00007f14b4064490 ConcurrentGCThread "G1 Main Marker" [stack: 0x00007f14b8b91000,0x00007f14b8c91000] [id=86]
  0x00007f14b40653f0 ConcurrentGCThread "G1 Conc#0" [stack: 0x00007f14b8a8f000,0x00007f14b8b8f000] [id=87]
  0x00007f14b4095920 ConcurrentGCThread "G1 Refine#0" [stack: 0x00007f14b868a000,0x00007f14b878a000] [id=88]
  0x00007f14b4096810 ConcurrentGCThread "G1 Service" [stack: 0x00007f14b8588000,0x00007f14b8688000] [id=89]

Threads with active compile tasks:

VM state: not at safepoint (normal execution)

VM Mutex/Monitor currently owned by a thread:  ([mutex/lock_event])
[0x00007f14b4024910] PeriodicTask_lock - owner thread: 0x00007f14b4126620

Heap address: 0x00000000cdc00000, size: 804 MB, Compressed Oops mode: 32-bit

CDS archive(s) mapped at: [0x0000000800000000-0x0000000800bc8000-0x0000000800bc8000), size 12353536, SharedBaseAddress: 0x0000000800000000, ArchiveRelocationMode: 0.
Compressed class space mapped at: 0x0000000800c00000-0x0000000840c00000, reserved size: 1073741824
Narrow klass base: 0x0000000800000000, Narrow klass shift: 0, Narrow klass range: 0x100000000

GC Precious Log:
 CPUs: 8 total, 3 available
 Memory: 3215M
 Large Page Support: Disabled
 NUMA Support: Disabled
 Compressed Oops: Enabled (32-bit)
 Heap Region Size: 1M
 Heap Min Capacity: 8M
 Heap Initial Capacity: 52M
 Heap Max Capacity: 804M
 Pre-touch: Disabled
 Parallel Workers: 3
 Concurrent Workers: 1
 Concurrent Refinement Workers: 3
 Periodic GC: Disabled

Heap:
 garbage-first heap   total 55296K, used 5452K [0x00000000cdc00000, 0x0000000100000000)
  region size 1024K, 5 young (5120K), 1 survivors (1024K)
 Metaspace       used 9008K, committed 9216K, reserved 1064960K
  class space    used 862K, committed 960K, reserved 1048576K

Heap Regions: E=young(eden), S=young(survivor), O=old, HS=humongous(starts), HC=humongous(continues), CS=collection set, F=free, OA=open archive, CA=closed archive, TAMS=top-at-mark-start (previous, next)
|   0|0x00000000cdc00000, 0x00000000cdd00000, 0x00000000cdd00000|100%| O|  |TAMS 0x00000000cdc00000, 0x00000000cdc00000| Untracked 
|   1|0x00000000cdd00000, 0x00000000cdd70600, 0x00000000cde00000| 43%| O|  |TAMS 0x00000000cdd00000, 0x00000000cdd00000| Untracked 
|   2|0x00000000cde00000, 0x00000000cde00000, 0x00000000cdf00000|  0%| F|  |TAMS 0x00000000cde00000, 0x00000000cde00000| Untracked 
|   3|0x00000000cdf00000, 0x00000000cdf00000, 0x00000000ce000000|  0%| F|  |TAMS 0x00000000cdf00000, 0x00000000cdf00000| Untracked 
|   4|0x00000000ce000000, 0x00000000ce000000, 0x00000000ce100000|  0%| F|  |TAMS 0x00000000ce000000, 0x00000000ce000000| Untracked 
|   5|0x00000000ce100000, 0x00000000ce100000, 0x00000000ce200000|  0%| F|  |TAMS 0x00000000ce100000, 0x00000000ce100000| Untracked 
|   6|0x00000000ce200000, 0x00000000ce200000, 0x00000000ce300000|  0%| F|  |TAMS 0x00000000ce200000, 0x00000000ce200000| Untracked 
|   7|0x00000000ce300000, 0x00000000ce300000, 0x00000000ce400000|  0%| F|  |TAMS 0x00000000ce300000, 0x00000000ce300000| Untracked 
|   8|0x00000000ce400000, 0x00000000ce400000, 0x00000000ce500000|  0%| F|  |TAMS 0x00000000ce400000, 0x00000000ce400000| Untracked 
|   9|0x00000000ce500000, 0x00000000ce500000, 0x00000000ce600000|  0%| F|  |TAMS 0x00000000ce500000, 0x00000000ce500000| Untracked 
|  10|0x00000000ce600000, 0x00000000ce600000, 0x00000000ce700000|  0%| F|  |TAMS 0x00000000ce600000, 0x00000000ce600000| Untracked 
|  11|0x00000000ce700000, 0x00000000ce700000, 0x00000000ce800000|  0%| F|  |TAMS 0x00000000ce700000, 0x00000000ce700000| Untracked 
|  12|0x00000000ce800000, 0x00000000ce800000, 0x00000000ce900000|  0%| F|  |TAMS 0x00000000ce800000, 0x00000000ce800000| Untracked 
|  13|0x00000000ce900000, 0x00000000ce900000, 0x00000000cea00000|  0%| F|  |TAMS 0x00000000ce900000, 0x00000000ce900000| Untracked 
|  14|0x00000000cea00000, 0x00000000cea00000, 0x00000000ceb00000|  0%| F|  |TAMS 0x00000000cea00000, 0x00000000cea00000| Untracked 
|  15|0x00000000ceb00000, 0x00000000ceb00000, 0x00000000cec00000|  0%| F|  |TAMS 0x00000000ceb00000, 0x00000000ceb00000| Untracked 
|  16|0x00000000cec00000, 0x00000000cec00000, 0x00000000ced00000|  0%| F|  |TAMS 0x00000000cec00000, 0x00000000cec00000| Untracked 
|  17|0x00000000ced00000, 0x00000000ced00000, 0x00000000cee00000|  0%| F|  |TAMS 0x00000000ced00000, 0x00000000ced00000| Untracked 
|  18|0x00000000cee00000, 0x00000000cee00000, 0x00000000cef00000|  0%| F|  |TAMS 0x00000000cee00000, 0x00000000cee00000| Untracked 
|  19|0x00000000cef00000, 0x00000000cef00000, 0x00000000cf000000|  0%| F|  |TAMS 0x00000000cef00000, 0x00000000cef00000| Untracked 
|  20|0x00000000cf000000, 0x00000000cf000000, 0x00000000cf100000|  0%| F|  |TAMS 0x00000000cf000000, 0x00000000cf000000| Untracked 
|  21|0x00000000cf100000, 0x00000000cf100000, 0x00000000cf200000|  0%| F|  |TAMS 0x00000000cf100000, 0x00000000cf100000| Untracked 
|  22|0x00000000cf200000, 0x00000000cf200000, 0x00000000cf300000|  0%| F|  |TAMS 0x00000000cf200000, 0x00000000cf200000| Untracked 
|  23|0x00000000cf300000, 0x00000000cf300000, 0x00000000cf400000|  0%| F|  |TAMS 0x00000000cf300000, 0x00000000cf300000| Untracked 
|  24|0x00000000cf400000, 0x00000000cf400000, 0x00000000cf500000|  0%| F|  |TAMS 0x00000000cf400000, 0x00000000cf400000| Untracked 
|  25|0x00000000cf500000, 0x00000000cf500000, 0x00000000cf600000|  0%| F|  |TAMS 0x00000000cf500000, 0x00000000cf500000| Untracked 
|  26|0x00000000cf600000, 0x00000000cf600000, 0x00000000cf700000|  0%| F|  |TAMS 0x00000000cf600000, 0x00000000cf600000| Untracked 
|  27|0x00000000cf700000, 0x00000000cf700000, 0x00000000cf800000|  0%| F|  |TAMS 0x00000000cf700000, 0x00000000cf700000| Untracked 
|  28|0x00000000cf800000, 0x00000000cf800000, 0x00000000cf900000|  0%| F|  |TAMS 0x00000000cf800000, 0x00000000cf800000| Untracked 
|  29|0x00000000cf900000, 0x00000000cf900000, 0x00000000cfa00000|  0%| F|  |TAMS 0x00000000cf900000, 0x00000000cf900000| Untracked 
|  30|0x00000000cfa00000, 0x00000000cfa00000, 0x00000000cfb00000|  0%| F|  |TAMS 0x00000000cfa00000, 0x00000000cfa00000| Untracked 
|  31|0x00000000cfb00000, 0x00000000cfb00000, 0x00000000cfc00000|  0%| F|  |TAMS 0x00000000cfb00000, 0x00000000cfb00000| Untracked 
|  32|0x00000000cfc00000, 0x00000000cfc00000, 0x00000000cfd00000|  0%| F|  |TAMS 0x00000000cfc00000, 0x00000000cfc00000| Untracked 
|  33|0x00000000cfd00000, 0x00000000cfd00000, 0x00000000cfe00000|  0%| F|  |TAMS 0x00000000cfd00000, 0x00000000cfd00000| Untracked 
|  34|0x00000000cfe00000, 0x00000000cfe00000, 0x00000000cff00000|  0%| F|  |TAMS 0x00000000cfe00000, 0x00000000cfe00000| Untracked 
|  35|0x00000000cff00000, 0x00000000cff00000, 0x00000000d0000000|  0%| F|  |TAMS 0x00000000cff00000, 0x00000000cff00000| Untracked 
|  36|0x00000000d0000000, 0x00000000d0000000, 0x00000000d0100000|  0%| F|  |TAMS 0x00000000d0000000, 0x00000000d0000000| Untracked 
|  37|0x00000000d0100000, 0x00000000d0100000, 0x00000000d0200000|  0%| F|  |TAMS 0x00000000d0100000, 0x00000000d0100000| Untracked 
|  38|0x00000000d0200000, 0x00000000d0200000, 0x00000000d0300000|  0%| F|  |TAMS 0x00000000d0200000, 0x00000000d0200000| Untracked 
|  39|0x00000000d0300000, 0x00000000d0300000, 0x00000000d0400000|  0%| F|  |TAMS 0x00000000d0300000, 0x00000000d0300000| Untracked 
|  40|0x00000000d0400000, 0x00000000d0400000, 0x00000000d0500000|  0%| F|  |TAMS 0x00000000d0400000, 0x00000000d0400000| Untracked 
|  41|0x00000000d0500000, 0x00000000d0500000, 0x00000000d0600000|  0%| F|  |TAMS 0x00000000d0500000, 0x00000000d0500000| Untracked 
|  42|0x00000000d0600000, 0x00000000d0600000, 0x00000000d0700000|  0%| F|  |TAMS 0x00000000d0600000, 0x00000000d0600000| Untracked 
|  43|0x00000000d0700000, 0x00000000d0700000, 0x00000000d0800000|  0%| F|  |TAMS 0x00000000d0700000, 0x00000000d0700000| Untracked 
|  44|0x00000000d0800000, 0x00000000d080fd78, 0x00000000d0900000|  6%| S|CS|TAMS 0x00000000d0800000, 0x00000000d0800000| Complete 
|  45|0x00000000d0900000, 0x00000000d0900000, 0x00000000d0a00000|  0%| F|  |TAMS 0x00000000d0900000, 0x00000000d0900000| Untracked 
|  46|0x00000000d0a00000, 0x00000000d0a00000, 0x00000000d0b00000|  0%| F|  |TAMS 0x00000000d0a00000, 0x00000000d0a00000| Untracked 
|  47|0x00000000d0b00000, 0x00000000d0b00000, 0x00000000d0c00000|  0%| F|  |TAMS 0x00000000d0b00000, 0x00000000d0b00000| Untracked 
|  48|0x00000000d0c00000, 0x00000000d0c554d8, 0x00000000d0d00000| 33%| E|  |TAMS 0x00000000d0c00000, 0x00000000d0c00000| Complete 
|  49|0x00000000d0d00000, 0x00000000d0e00000, 0x00000000d0e00000|100%| E|CS|TAMS 0x00000000d0d00000, 0x00000000d0d00000| Complete 
|  50|0x00000000d0e00000, 0x00000000d0f00000, 0x00000000d0f00000|100%| E|CS|TAMS 0x00000000d0e00000, 0x00000000d0e00000| Complete 
|  51|0x00000000d0f00000, 0x00000000d1000000, 0x00000000d1000000|100%| E|CS|TAMS 0x00000000d0f00000, 0x00000000d0f00000| Complete 
| 802|0x00000000ffe00000, 0x00000000ffe46000, 0x00000000fff00000| 27%|OA|  |TAMS 0x00000000ffe00000, 0x00000000ffe00000| Untracked 
| 803|0x00000000fff00000, 0x00000000fff8d000, 0x0000000100000000| 55%|CA|  |TAMS 0x00000000fff00000, 0x00000000fff00000| Untracked 

Card table byte_map: [0x00007f14ba860000,0x00007f14ba9f2000] _byte_map_base: 0x00007f14ba1f2000

Marking Bits (Prev, Next): (CMBitMap*) 0x00007f14b405d4c0, (CMBitMap*) 0x00007f14b405d500
 Prev Bits: [0x00007f14b9a3e000, 0x00007f14ba6ce000)
 Next Bits: [0x00007f14b8dae000, 0x00007f14b9a3e000)

Polling page: 0x00007f14bb0a0000

Metaspace:

Usage:
  Non-class:      7.96 MB used.
      Class:    862.39 KB used.
       Both:      8.80 MB used.

Virtual space:
  Non-class space:       16.00 MB reserved,       8.06 MB ( 50%) committed,  2 nodes.
      Class space:        1.00 GB reserved,     960.00 KB ( <1%) committed,  1 nodes.
             Both:        1.02 GB reserved,       9.00 MB ( <1%) committed. 

Chunk freelists:
   Non-Class:  3.00 MB
       Class:  3.10 MB
        Both:  6.10 MB

MaxMetaspaceSize: unlimited
CompressedClassSpaceSize: 1.00 GB
Initial GC threshold: 21.00 MB
Current GC threshold: 21.00 MB
CDS: on
MetaspaceReclaimPolicy: balanced
 - commit_granule_bytes: 65536.
 - commit_granule_words: 8192.
 - virtual_space_node_default_size: 1048576.
 - enlarge_chunks_in_place: 1.
 - new_chunks_are_fully_committed: 0.
 - uncommit_free_chunks: 1.
 - use_allocation_guard: 0.
 - handle_deallocations: 1.


Internal statistics:

num_allocs_failed_limit: 0.
num_arena_births: 154.
num_arena_deaths: 0.
num_vsnodes_births: 3.
num_vsnodes_deaths: 0.
num_space_committed: 144.
num_space_uncommitted: 0.
num_chunks_returned_to_freelist: 0.
num_chunks_taken_from_freelist: 213.
num_chunk_merges: 0.
num_chunk_splits: 124.
num_chunks_enlarged: 52.
num_purges: 0.
num_inconsistent_stats: 0.

CodeHeap 'non-profiled nmethods': size=120036Kb used=478Kb max_used=478Kb free=119557Kb
 bounds [0x00007f14a2f7a000, 0x00007f14a31ea000, 0x00007f14aa4b3000]
CodeHeap 'profiled nmethods': size=120032Kb used=2586Kb max_used=2586Kb free=117446Kb
 bounds [0x00007f149ba42000, 0x00007f149bcd2000, 0x00007f14a2f7a000]
CodeHeap 'non-nmethods': size=5692Kb used=1294Kb max_used=1295Kb free=4397Kb
 bounds [0x00007f149b4b3000, 0x00007f149b723000, 0x00007f149ba42000]
 total_blobs=1943 nmethods=1315 adapters=545
 compilation: enabled
              stopped_count=0, restarted_count=0
 full_count=0

JVMCI Events (20 events):
Event: 21.025 Thread 0x00007f14b40cc570 detaching from JVMCI runtime 0: releasing idle compiler thread (0 other threads still attached)
Event: 21.025 Thread 0x00007f14b40cc570 shutting down HotSpotJVMCIRuntime for JVMCI runtime 0
Event: 21.025 Thread 0x00007f14b40cc570 shut down JVMCI runtime 0
Event: 21.042 Thread 0x00007f14b40cc570 destroyed JavaVM[1]@0x00007f145949e340 for JVMCI runtime 0
Event: 21.042 Thread 0x00007f14b40cc570 compacted oop handles in JVMCI runtime 0 from 123 to 123
Event: 21.042 Thread 0x00007f14b40cc570 releasing handles for JVMCI runtime 0: oop handles=123, metadata handles={total=384, live=244, blocks=12}
Event: 21.042 Thread 0x00007f14b40cc570 detached from JVMCI runtime 0
Event: 202.849 Thread 0x00007f14b40cc570 attached to JVMCI runtime 0
Event: 202.851 Thread 0x00007f14b40cc570 created JavaVM[2]@0x00007f1451d9e340 for JVMCI runtime 0
Event: 202.851 Thread 0x00007f14b40cc570 initializing JVMCI runtime 0
Event: 202.851 Thread 0x00007f14b40cc570 done waiting for JavaVM references initialization in JVMCI runtime 0
Event: 202.852 Thread 0x00007f14b40cc570 initialized JVMCI runtime 0
Event: 202.864 Thread 0x00007f14b40cc570 compacted oop handles in JVMCI runtime 0 from 46 to 45
Event: 203.864 Thread 0x00007f14b40cc570 detaching from JVMCI runtime 0: releasing idle compiler thread (0 other threads still attached)
Event: 203.864 Thread 0x00007f14b40cc570 shutting down HotSpotJVMCIRuntime for JVMCI runtime 0
Event: 203.865 Thread 0x00007f14b40cc570 shut down JVMCI runtime 0
Event: 203.868 Thread 0x00007f14b40cc570 destroyed JavaVM[2]@0x00007f1451d9e340 for JVMCI runtime 0
Event: 203.868 Thread 0x00007f14b40cc570 compacted oop handles in JVMCI runtime 0 from 45 to 45
Event: 203.868 Thread 0x00007f14b40cc570 releasing handles for JVMCI runtime 0: oop handles=45, metadata handles={total=87, live=76, blocks=12}
Event: 203.868 Thread 0x00007f14b40cc570 detached from JVMCI runtime 0

Compilation events (20 events):
Event: 19.992 Thread 0x00007f14b40cc570 1245       4       java.lang.CharacterDataLatin1::getProperties (11 bytes)
Event: 19.993 Thread 0x00007f14b40cc570 nmethod 1245 0x00007f14a2ff0b90 code [0x00007f14a2ff0d00, 0x00007f14a2ff0d90]
Event: 19.993 Thread 0x00007f14b40cc570 1187       4       java.util.concurrent.ConcurrentHashMap::spread (10 bytes)
Event: 19.994 Thread 0x00007f14b40cc570 nmethod 1187 0x00007f14a2ff0e90 code [0x00007f14a2ff1000, 0x00007f14a2ff1030]
Event: 19.994 Thread 0x00007f14b40cc570 1246       4       jdk.internal.misc.Unsafe::putReferenceRelease (9 bytes)
Event: 20.022 Thread 0x00007f14b40cc570 nmethod 1246 0x00007f14a2ff1190 code [0x00007f14a2ff1300, 0x00007f14a2ff1410]
Event: 20.023 Thread 0x00007f14b40cc570 1213       4       java.util.ImmutableCollections$ListN::size (6 bytes)
Event: 20.025 Thread 0x00007f14b40cc570 nmethod 1213 0x00007f14a2ff1490 code [0x00007f14a2ff1600, 0x00007f14a2ff1678]
Event: 43.449 Thread 0x00007f14b40cdab0 1312   !   3       sun.awt.X11.XToolkit::getNextTaskTime (55 bytes)
Event: 43.450 Thread 0x00007f14b40cdab0 nmethod 1312 0x00007f149bcbd910 code [0x00007f149bcbdc00, 0x00007f149bcbfbf0]
Event: 74.011 Thread 0x00007f14b40cdab0 1313   !   3       sun.awt.X11.XToolkit::callTimeoutTasks (220 bytes)
Event: 74.013 Thread 0x00007f14b40cdab0 nmethod 1313 0x00007f149bcc0110 code [0x00007f149bcc0520, 0x00007f149bcc4690]
Event: 202.849 Thread 0x00007f14b40cc570 1314       4       sun.awt.X11.XToolkit::getDisplay (20 bytes)
Event: 202.851 Thread 0x00007f14b40cdab0 1315       3       java.util.HashMap$EntryIterator::next (5 bytes)
Event: 202.851 Thread 0x00007f14b40cdab0 nmethod 1315 0x00007f149bcc4f10 code [0x00007f149bcc50c0, 0x00007f149bcc5240]
Event: 202.851 Thread 0x00007f14b40cdab0 1317       3       java.io.DataOutputStream::writeUTF (411 bytes)
Event: 202.854 Thread 0x00007f14b40cdab0 nmethod 1317 0x00007f149bcc5310 code [0x00007f149bcc56a0, 0x00007f149bcc7980]
Event: 202.854 Thread 0x00007f14b40cdab0 1316       3       java.util.HashMap$EntryIterator::next (5 bytes)
Event: 202.854 Thread 0x00007f14b40cdab0 nmethod 1316 0x00007f149bcc8490 code [0x00007f149bcc8640, 0x00007f149bcc8780]
Event: 202.864 Thread 0x00007f14b40cc570 nmethod 1314 0x00007f14a2ff1790 code [0x00007f14a2ff1900, 0x00007f14a2ff1928]

GC Heap History (4 events):
Event: 8.472 GC heap before
{Heap before GC invocations=0 (full 0):
 garbage-first heap   total 55296K, used 6988K [0x00000000cdc00000, 0x0000000100000000)
  region size 1024K, 6 young (6144K), 0 survivors (0K)
 Metaspace       used 6993K, committed 7232K, reserved 1056768K
  class space    used 699K, committed 832K, reserved 1048576K
}
Event: 8.482 GC heap after
{Heap after GC invocations=1 (full 0):
 garbage-first heap   total 55296K, used 2330K [0x00000000cdc00000, 0x0000000100000000)
  region size 1024K, 1 young (1024K), 1 survivors (1024K)
 Metaspace       used 6993K, committed 7232K, reserved 1056768K
  class space    used 699K, committed 832K, reserved 1048576K
}
Event: 17.040 GC heap before
{Heap before GC invocations=1 (full 0):
 garbage-first heap   total 55296K, used 8474K [0x00000000cdc00000, 0x0000000100000000)
  region size 1024K, 7 young (7168K), 1 survivors (1024K)
 Metaspace       used 7396K, committed 7616K, reserved 1056768K
  class space    used 699K, committed 832K, reserved 1048576K
}
Event: 17.045 GC heap after
{Heap after GC invocations=2 (full 0):
 garbage-first heap   total 55296K, used 2380K [0x00000000cdc00000, 0x0000000100000000)
  region size 1024K, 1 young (1024K), 1 survivors (1024K)
 Metaspace       used 7396K, committed 7616K, reserved 1056768K
  class space    used 699K, committed 832K, reserved 1048576K
}

Dll operation events (10 events):
Event: 0.003 Loaded shared library /nix/store/gpxl5qgg8kicmcvivwmybwjlpf7wh20l-graalvm17-ce-22.3.0/lib/libjava.so
Event: 0.013 Loaded shared library /nix/store/gpxl5qgg8kicmcvivwmybwjlpf7wh20l-graalvm17-ce-22.3.0/lib/libjsvml.so
Event: 0.172 Loaded shared library /nix/store/gpxl5qgg8kicmcvivwmybwjlpf7wh20l-graalvm17-ce-22.3.0/lib/libnio.so
Event: 0.174 Loaded shared library /nix/store/gpxl5qgg8kicmcvivwmybwjlpf7wh20l-graalvm17-ce-22.3.0/lib/libjimage.so
Event: 0.182 Loaded shared library /nix/store/gpxl5qgg8kicmcvivwmybwjlpf7wh20l-graalvm17-ce-22.3.0/lib/libjvmcicompiler.so
Event: 0.197 Loaded shared library /nix/store/gpxl5qgg8kicmcvivwmybwjlpf7wh20l-graalvm17-ce-22.3.0/lib/libzip.so
Event: 0.252 Loaded shared library /nix/store/gpxl5qgg8kicmcvivwmybwjlpf7wh20l-graalvm17-ce-22.3.0/lib/libawt.so
Event: 0.386 Loaded shared library /nix/store/gpxl5qgg8kicmcvivwmybwjlpf7wh20l-graalvm17-ce-22.3.0/lib/libawt_xawt.so
Event: 5.951 Loaded shared library /nix/store/gpxl5qgg8kicmcvivwmybwjlpf7wh20l-graalvm17-ce-22.3.0/lib/libfontmanager.so
Event: 18.774 Loaded shared library /nix/store/gpxl5qgg8kicmcvivwmybwjlpf7wh20l-graalvm17-ce-22.3.0/lib/libnet.so

Deoptimization events (20 events):
Event: 10.030 Thread 0x00007f14b421b370 Uncommon trap: trap_request=0xffffffed fr.pc=0x00007f14a2fc58f0 relative=0x00000000000000f0
Event: 10.030 Thread 0x00007f14b421b370 Uncommon trap: reason=null_assert_or_unreached0 action=reinterpret pc=0x00007f14a2fc58f0 method=java.awt.Rectangle.intersects(Ljava/awt/Rectangle;)Z @ 0 jvmci
Event: 10.030 Thread 0x00007f14b421b370 DEOPT PACKING pc=0x00007f14a2fc58f0 sp=0x00007f1453dfe140
Event: 10.030 Thread 0x00007f14b421b370 DEOPT UNPACKING pc=0x00007f149b505625 sp=0x00007f1453dfd598 mode 3
Event: 11.987 Thread 0x00007f14b421b370 DEOPT PACKING pc=0x00007f149bb63af9 sp=0x00007f1453dfe160
Event: 11.987 Thread 0x00007f14b421b370 DEOPT UNPACKING pc=0x00007f149b505625 sp=0x00007f1453dfd618 mode 0
Event: 18.532 Thread 0x00007f14b421b370 DEOPT PACKING pc=0x00007f149bb87c33 sp=0x00007f1453dfe1a0
Event: 18.532 Thread 0x00007f14b421b370 DEOPT UNPACKING pc=0x00007f149b505625 sp=0x00007f1453dfd6b8 mode 0
Event: 18.726 Thread 0x00007f14b421b370 Uncommon trap: trap_request=0xffffffed fr.pc=0x00007f14a2fe757e relative=0x000000000000127e
Event: 18.726 Thread 0x00007f14b421b370 Uncommon trap: reason=null_assert_or_unreached0 action=reinterpret pc=0x00007f14a2fe757e method=Board.checkCollision()V @ 7 jvmci
Event: 18.726 Thread 0x00007f14b421b370 DEOPT PACKING pc=0x00007f14a2fe757e sp=0x00007f1453dfe1f0
Event: 18.726 Thread 0x00007f14b421b370 DEOPT UNPACKING pc=0x00007f149b505625 sp=0x00007f1453dfd6b0 mode 3
Event: 18.754 Thread 0x00007f14b421b370 Uncommon trap: trap_request=0xffffffed fr.pc=0x00007f14a2fe5d5c relative=0x000000000000023c
Event: 18.754 Thread 0x00007f14b421b370 Uncommon trap: reason=null_assert_or_unreached0 action=reinterpret pc=0x00007f14a2fe5d5c method=java.util.ArrayList.add(Ljava/lang/Object;)Z @ 0 jvmci
Event: 18.754 Thread 0x00007f14b421b370 DEOPT PACKING pc=0x00007f14a2fe5d5c sp=0x00007f1453dfc3c0
Event: 18.754 Thread 0x00007f14b421b370 DEOPT UNPACKING pc=0x00007f149b505625 sp=0x00007f1453dfb868 mode 3
Event: 19.331 Thread 0x00007f14b421b370 Uncommon trap: trap_request=0xffffffed fr.pc=0x00007f14a2fc3f19 relative=0x00000000000001f9
Event: 19.331 Thread 0x00007f14b421b370 Uncommon trap: reason=null_assert_or_unreached0 action=reinterpret pc=0x00007f14a2fc3f19 method=sun.java2d.xr.XRCompositeManager.validateCompositeState(Ljava/awt/Composite;Ljava/awt/geom/AffineTransform;Ljava/awt/Paint;Lsun/java2d/SunGraphics2D;)V @ 12 jv
Event: 19.331 Thread 0x00007f14b421b370 DEOPT PACKING pc=0x00007f14a2fc3f19 sp=0x00007f1453dfd730
Event: 19.331 Thread 0x00007f14b421b370 DEOPT UNPACKING pc=0x00007f149b505625 sp=0x00007f1453dfcbe0 mode 3

Classes unloaded (0 events):
No events

Classes redefined (0 events):
No events

Internal exceptions (13 events):
Event: 0.224 Thread 0x00007f14b4026420 Exception <a 'java/lang/ClassNotFoundException'{0x00000000d0e5eff0}: sun/awt/resources/spi/awtProvider> (0x00000000d0e5eff0) 
thrown [src/hotspot/share/classfile/systemDictionary.cpp, line 256]
Event: 0.433 Thread 0x00007f14b4026420 Exception <a 'java/io/FileNotFoundException'{0x00000000d0ec27e8}> (0x00000000d0ec27e8) 
thrown [src/hotspot/share/prims/jni.cpp, line 516]
Event: 0.445 Thread 0x00007f14b4026420 Exception <a 'java/io/FileNotFoundException'{0x00000000d0eef740}> (0x00000000d0eef740) 
thrown [src/hotspot/share/prims/jni.cpp, line 516]
Event: 6.240 Thread 0x00007f14b4026420 Exception <a 'java/lang/NoSuchMethodError'{0x00000000d0d699a8}: 'java.lang.Object java.lang.invoke.DirectMethodHandle$Holder.invokeStaticInit(java.lang.Object)'> (0x00000000d0d699a8) 
thrown [src/hotspot/share/interpreter/linkResolver.cpp, line 758]
Event: 6.384 Thread 0x00007f14b421b370 Exception <a 'java/lang/NoSuchMethodError'{0x00000000d0c10698}: 'void java.lang.invoke.DirectMethodHandle$Holder.invokeSpecial(java.lang.Object, java.lang.Object, java.lang.Object)'> (0x00000000d0c10698) 
thrown [src/hotspot/share/interpreter/linkResolver.cpp, line 758]
Event: 6.407 Thread 0x00007f14b421b370 Exception <a 'java/lang/NoSuchMethodError'{0x00000000d0c3ad50}: 'java.lang.Object java.lang.invoke.DirectMethodHandle$Holder.newInvokeSpecial(java.lang.Object, java.lang.Object, java.lang.Object, java.lang.Object, java.lang.Object)'> (0x00000000d0c3ad50) 
thrown [src/hotspot/share/interpreter/linkResolver.cpp, line 758]
Event: 6.410 Thread 0x00007f14b421b370 Exception <a 'java/lang/NoSuchMethodError'{0x00000000d0c46988}: 'java.lang.Object java.lang.invoke.DirectMethodHandle$Holder.invokeStatic(java.lang.Object, int, java.lang.Object, java.lang.Object, java.lang.Object, java.lang.Object)'> (0x00000000d0c46988) 
thrown [src/hotspot/share/interpreter/linkResolver.cpp, line 758]
Event: 6.438 Thread 0x00007f14b421b370 Exception <a 'java/lang/NoSuchMethodError'{0x00000000d0c6c358}: 'java.lang.Object java.lang.invoke.DirectMethodHandle$Holder.invokeStatic(java.lang.Object, int, java.lang.Object)'> (0x00000000d0c6c358) 
thrown [src/hotspot/share/interpreter/linkResolver.cpp, line 758]
Event: 6.552 Thread 0x00007f14b421b370 Exception <a 'java/lang/NoSuchMethodError'{0x00000000d0b1f4d0}: 'void java.lang.invoke.DirectMethodHandle$Holder.invokeStatic(java.lang.Object, java.lang.Object)'> (0x00000000d0b1f4d0) 
thrown [src/hotspot/share/interpreter/linkResolver.cpp, line 758]
Event: 6.578 Thread 0x00007f14b421b370 Exception <a 'java/lang/ClassNotFoundException'{0x00000000d0b49490}: com/sun/swing/internal/plaf/metal/resources/spi/metalProvider> (0x00000000d0b49490) 
thrown [src/hotspot/share/classfile/systemDictionary.cpp, line 256]
Event: 6.582 Thread 0x00007f14b421b370 Exception <a 'java/lang/ClassNotFoundException'{0x00000000d0b4d2e8}: com/sun/swing/internal/plaf/basic/resources/spi/basicProvider> (0x00000000d0b4d2e8) 
thrown [src/hotspot/share/classfile/systemDictionary.cpp, line 256]
Event: 6.749 Thread 0x00007f143806e9f0 Exception <a 'java/lang/NoSuchMethodError'{0x00000000d0b89da0}: 'java.lang.Object java.lang.invoke.DirectMethodHandle$Holder.newInvokeSpecial(java.lang.Object, java.lang.Object, java.lang.Object, int, int, int, int, int)'> (0x00000000d0b89da0) 
thrown [src/hotspot/share/interpreter/linkResolver.cpp, line 758]
Event: 6.958 Thread 0x00007f14b421b370 Exception <a 'java/lang/NoSuchMethodError'{0x00000000d0bdb9d0}: 'void java.lang.invoke.DirectMethodHandle$Holder.invokeStaticInit(java.lang.Object)'> (0x00000000d0bdb9d0) 
thrown [src/hotspot/share/interpreter/linkResolver.cpp, line 758]

VM Operations (20 events):
Event: 12.488 Executing VM operation: Cleanup
Event: 12.488 Executing VM operation: Cleanup done
Event: 13.489 Executing VM operation: Cleanup
Event: 13.489 Executing VM operation: Cleanup done
Event: 14.489 Executing VM operation: Cleanup
Event: 14.489 Executing VM operation: Cleanup done
Event: 15.490 Executing VM operation: Cleanup
Event: 15.490 Executing VM operation: Cleanup done
Event: 17.040 Executing VM operation: G1CollectForAllocation
Event: 17.045 Executing VM operation: G1CollectForAllocation done
Event: 18.744 Executing VM operation: HandshakeAllThreads
Event: 18.745 Executing VM operation: HandshakeAllThreads done
Event: 18.745 Executing VM operation: Cleanup
Event: 18.745 Executing VM operation: Cleanup done
Event: 18.750 Executing VM operation: HandshakeAllThreads
Event: 18.750 Executing VM operation: HandshakeAllThreads done
Event: 18.777 Executing VM operation: HandshakeAllThreads
Event: 18.777 Executing VM operation: HandshakeAllThreads done
Event: 19.777 Executing VM operation: Cleanup
Event: 19.777 Executing VM operation: Cleanup done

Events (20 events):
Event: 19.308 loading class sun/font/FontScaler
Event: 19.309 loading class sun/font/FontScaler done
Event: 19.309 loading class sun/font/FreetypeFontScaler
Event: 19.309 loading class sun/font/FreetypeFontScaler done
Event: 19.310 loading class sun/font/TrueTypeGlyphMapper
Event: 19.310 loading class sun/font/TrueTypeGlyphMapper done
Event: 19.310 loading class sun/font/CMap
Event: 19.317 loading class sun/font/CMap done
Event: 19.317 loading class sun/font/CMap$NullCMapClass
Event: 19.325 loading class sun/font/CMap$NullCMapClass done
Event: 19.325 loading class sun/font/CMap$CMapFormat12
Event: 19.326 loading class sun/font/CMap$CMapFormat12 done
Event: 19.328 loading class sun/font/FontDesignMetrics$KeyReference
Event: 19.328 loading class sun/font/FontDesignMetrics$KeyReference done
Event: 19.328 loading class sun/font/CompositeGlyphMapper
Event: 19.328 loading class sun/font/CompositeGlyphMapper done
Event: 19.330 loading class sun/java2d/loops/FontInfo
Event: 19.330 loading class sun/java2d/loops/FontInfo done
Event: 19.331 loading class sun/font/XRGlyphCacheEntry
Event: 19.331 loading class sun/font/XRGlyphCacheEntry done


Dynamic libraries:
cdc00000-d1000000 rw-p 00000000 00:00 0 
d1000000-ffe00000 ---p 00000000 00:00 0 
ffe00000-ffe46000 rw-p 00c8c000 00:16dd 4611686019135357769              /nix/store/gpxl5qgg8kicmcvivwmybwjlpf7wh20l-graalvm17-ce-22.3.0/lib/server/classes.jsa
ffe46000-fff00000 rw-p 00000000 00:00 0 
fff00000-fff8d000 rw-p 00bff000 00:16dd 4611686019135357769              /nix/store/gpxl5qgg8kicmcvivwmybwjlpf7wh20l-graalvm17-ce-22.3.0/lib/server/classes.jsa
fff8d000-100000000 rw-p 00000000 00:00 0 
800000000-800449000 rw-p 00001000 00:16dd 4611686019135357769            /nix/store/gpxl5qgg8kicmcvivwmybwjlpf7wh20l-graalvm17-ce-22.3.0/lib/server/classes.jsa
800449000-800bc8000 r--p 0044a000 00:16dd 4611686019135357769            /nix/store/gpxl5qgg8kicmcvivwmybwjlpf7wh20l-graalvm17-ce-22.3.0/lib/server/classes.jsa
800bc8000-800c00000 ---p 00000000 00:00 0 
800c00000-800c20000 rw-p 00000000 00:00 0 
800c20000-800c40000 rw-p 00000000 00:00 0 
800c40000-800c90000 rw-p 00000000 00:00 0 
800c90000-800ca0000 ---p 00000000 00:00 0 
800ca0000-800cc0000 rw-p 00000000 00:00 0 
800cc0000-800d00000 rw-p 00000000 00:00 0 
800d00000-840c00000 ---p 00000000 00:00 0 
563b3903b000-563b3903c000 r-xp 00000000 00:16dd 4611686019099417844      /nix/store/gpxl5qgg8kicmcvivwmybwjlpf7wh20l-graalvm17-ce-22.3.0/bin/.java-wrapped
563b3903d000-563b3903e000 r--p 00001000 00:16dd 4611686019099417844      /nix/store/gpxl5qgg8kicmcvivwmybwjlpf7wh20l-graalvm17-ce-22.3.0/bin/.java-wrapped
563b3903e000-563b3903f000 rw-p 00002000 00:16dd 4611686019099417844      /nix/store/gpxl5qgg8kicmcvivwmybwjlpf7wh20l-graalvm17-ce-22.3.0/bin/.java-wrapped
563b3903f000-563b39040000 rw-p 00004000 00:16dd 4611686019099417844      /nix/store/gpxl5qgg8kicmcvivwmybwjlpf7wh20l-graalvm17-ce-22.3.0/bin/.java-wrapped
563b39040000-563b39041000 rw-p 00005000 00:16dd 4611686019099417844      /nix/store/gpxl5qgg8kicmcvivwmybwjlpf7wh20l-graalvm17-ce-22.3.0/bin/.java-wrapped
563b39dac000-563b39df4000 rw-p 00000000 00:00 0                          [heap]
7f1428000000-7f1428021000 rw-p 00000000 00:00 0 
7f1428021000-7f142c000000 ---p 00000000 00:00 0 
7f142f400000-7f142f410000 rw-p 00000000 00:00 0 
7f142f410000-7f142fc00000 ---p 00000000 00:00 0 
7f142fefe000-7f142feff000 ---p 00000000 00:00 0 
7f142feff000-7f1430000000 rw-p 00000000 00:00 0 
7f1430000000-7f1430021000 rw-p 00000000 00:00 0 
7f1430021000-7f1434000000 ---p 00000000 00:00 0 
7f1434000000-7f1434021000 rw-p 00000000 00:00 0 
7f1434021000-7f1438000000 ---p 00000000 00:00 0 
7f1438000000-7f1438205000 rw-p 00000000 00:00 0 
7f1438205000-7f143c000000 ---p 00000000 00:00 0 
7f143c000000-7f143c021000 rw-p 00000000 00:00 0 
7f143c021000-7f1440000000 ---p 00000000 00:00 0 
7f1440000000-7f1440021000 rw-p 00000000 00:00 0 
7f1440021000-7f1444000000 ---p 00000000 00:00 0 
7f1444000000-7f1444021000 rw-p 00000000 00:00 0 
7f1444021000-7f1448000000 ---p 00000000 00:00 0 
7f1448000000-7f1448021000 rw-p 00000000 00:00 0 
7f1448021000-7f144c000000 ---p 00000000 00:00 0 
7f144c000000-7f144c03b000 rw-p 00000000 00:00 0 
7f144c03b000-7f1450000000 ---p 00000000 00:00 0 
7f14500fe000-7f14500ff000 ---p 00000000 00:00 0 
7f14500ff000-7f1450200000 rw-p 00000000 00:00 0 
7f1452335000-7f14524f7000 r-xp 00000000 00:16dd 4611686019135190018      /nix/store/gpxl5qgg8kicmcvivwmybwjlpf7wh20l-graalvm17-ce-22.3.0/lib/libfontmanager.so
7f14524f7000-7f14524f9000 r--p 001c1000 00:16dd 4611686019135190018      /nix/store/gpxl5qgg8kicmcvivwmybwjlpf7wh20l-graalvm17-ce-22.3.0/lib/libfontmanager.so
7f14524f9000-7f14524fa000 rw-p 001c3000 00:16dd 4611686019135190018      /nix/store/gpxl5qgg8kicmcvivwmybwjlpf7wh20l-graalvm17-ce-22.3.0/lib/libfontmanager.so
7f14524fa000-7f14524fb000 rw-p 00000000 00:00 0 
7f14524fb000-7f14524fe000 rw-p 00216000 00:16dd 4611686019135190018      /nix/store/gpxl5qgg8kicmcvivwmybwjlpf7wh20l-graalvm17-ce-22.3.0/lib/libfontmanager.so
7f14524fe000-7f1452500000 rw-p 00219000 00:16dd 4611686019135190018      /nix/store/gpxl5qgg8kicmcvivwmybwjlpf7wh20l-graalvm17-ce-22.3.0/lib/libfontmanager.so
7f14530bb000-7f14530d9000 r--p 00000000 00:16dd 4611686019106088143      /nix/store/w3zzhfl4a7xp0xfflz2gawv02y8ba9z8-libX11-1.8.1/lib/libX11.so.6.4.0
7f14530d9000-7f1453165000 r-xp 0001e000 00:16dd 4611686019106088143      /nix/store/w3zzhfl4a7xp0xfflz2gawv02y8ba9z8-libX11-1.8.1/lib/libX11.so.6.4.0
7f1453165000-7f14531fa000 r--p 000aa000 00:16dd 4611686019106088143      /nix/store/w3zzhfl4a7xp0xfflz2gawv02y8ba9z8-libX11-1.8.1/lib/libX11.so.6.4.0
7f14531fa000-7f14531fb000 r--p 0013f000 00:16dd 4611686019106088143      /nix/store/w3zzhfl4a7xp0xfflz2gawv02y8ba9z8-libX11-1.8.1/lib/libX11.so.6.4.0
7f14531fb000-7f1453200000 rw-p 00140000 00:16dd 4611686019106088143      /nix/store/w3zzhfl4a7xp0xfflz2gawv02y8ba9z8-libX11-1.8.1/lib/libX11.so.6.4.0
7f1453900000-7f1453904000 ---p 00000000 00:00 0 
7f1453904000-7f1453a00000 rw-p 00000000 00:00 0 
7f1453b00000-7f1453b04000 ---p 00000000 00:00 0 
7f1453b04000-7f1453c00000 rw-p 00000000 00:00 0 
7f1453d00000-7f1453d04000 ---p 00000000 00:00 0 
7f1453d04000-7f1453e00000 rw-p 00000000 00:00 0 
7f1453f00000-7f1453f04000 ---p 00000000 00:00 0 
7f1453f04000-7f1454000000 rw-p 00000000 00:00 0 
7f1454000000-7f1454021000 rw-p 00000000 00:00 0 
7f1454021000-7f1458000000 ---p 00000000 00:00 0 
7f1458100000-7f1458104000 ---p 00000000 00:00 0 
7f1458104000-7f1458200000 rw-p 00000000 00:00 0 
7f1458300000-7f1458304000 ---p 00000000 00:00 0 
7f1458304000-7f1458400000 rw-p 00000000 00:00 0 
7f1458538000-7f1458546000 r--p 00000000 00:16dd 4611686019106226189      /nix/store/shxbchcb9zl755mvlhf0ll61hz8s6imm-freetype-2.12.1/lib/libfreetype.so.6.18.3
7f1458546000-7f14585cc000 r-xp 0000e000 00:16dd 4611686019106226189      /nix/store/shxbchcb9zl755mvlhf0ll61hz8s6imm-freetype-2.12.1/lib/libfreetype.so.6.18.3
7f14585cc000-7f14585f7000 r--p 00094000 00:16dd 4611686019106226189      /nix/store/shxbchcb9zl755mvlhf0ll61hz8s6imm-freetype-2.12.1/lib/libfreetype.so.6.18.3
7f14585f7000-7f14585ff000 r--p 000be000 00:16dd 4611686019106226189      /nix/store/shxbchcb9zl755mvlhf0ll61hz8s6imm-freetype-2.12.1/lib/libfreetype.so.6.18.3
7f14585ff000-7f1458600000 rw-p 000c6000 00:16dd 4611686019106226189      /nix/store/shxbchcb9zl755mvlhf0ll61hz8s6imm-freetype-2.12.1/lib/libfreetype.so.6.18.3
7f1458701000-7f14587c1000 r-xp 00000000 00:16dd 4611686019135190013      /nix/store/gpxl5qgg8kicmcvivwmybwjlpf7wh20l-graalvm17-ce-22.3.0/lib/libawt.so
7f14587c1000-7f14587c3000 r--p 000bf000 00:16dd 4611686019135190013      /nix/store/gpxl5qgg8kicmcvivwmybwjlpf7wh20l-graalvm17-ce-22.3.0/lib/libawt.so
7f14587c3000-7f14587ce000 rw-p 000c1000 00:16dd 4611686019135190013      /nix/store/gpxl5qgg8kicmcvivwmybwjlpf7wh20l-graalvm17-ce-22.3.0/lib/libawt.so
7f14587ce000-7f14587f3000 rw-p 00000000 00:00 0 
7f14587f3000-7f1458800000 rw-p 000da000 00:16dd 4611686019135190013      /nix/store/gpxl5qgg8kicmcvivwmybwjlpf7wh20l-graalvm17-ce-22.3.0/lib/libawt.so
7f14595fe000-7f1459996000 rw-p 00000000 00:00 0 
7f1459996000-7f145999a000 r--p 00000000 00:16dd 4611686019096542435      /nix/store/4lkjvagv0bqq58qpysfabw66rqrbddgb-expat-2.5.0/lib/libexpat.so.1.8.10
7f145999a000-7f14599b9000 r-xp 00004000 00:16dd 4611686019096542435      /nix/store/4lkjvagv0bqq58qpysfabw66rqrbddgb-expat-2.5.0/lib/libexpat.so.1.8.10
7f14599b9000-7f14599c3000 r--p 00023000 00:16dd 4611686019096542435      /nix/store/4lkjvagv0bqq58qpysfabw66rqrbddgb-expat-2.5.0/lib/libexpat.so.1.8.10
7f14599c3000-7f14599c5000 r--p 0002d000 00:16dd 4611686019096542435      /nix/store/4lkjvagv0bqq58qpysfabw66rqrbddgb-expat-2.5.0/lib/libexpat.so.1.8.10
7f14599c5000-7f14599c6000 rw-p 0002f000 00:16dd 4611686019096542435      /nix/store/4lkjvagv0bqq58qpysfabw66rqrbddgb-expat-2.5.0/lib/libexpat.so.1.8.10
7f14599c6000-7f14599cc000 r--p 00000000 00:16dd 4611686019106225639      /nix/store/d9i9f63d1121378id4kf2swn06a5grwa-libpng-apng-1.6.37/lib/libpng16.so.16.37.0
7f14599cc000-7f14599f2000 r-xp 00006000 00:16dd 4611686019106225639      /nix/store/d9i9f63d1121378id4kf2swn06a5grwa-libpng-apng-1.6.37/lib/libpng16.so.16.37.0
7f14599f2000-7f14599fe000 r--p 0002c000 00:16dd 4611686019106225639      /nix/store/d9i9f63d1121378id4kf2swn06a5grwa-libpng-apng-1.6.37/lib/libpng16.so.16.37.0
7f14599fe000-7f14599ff000 r--p 00037000 00:16dd 4611686019106225639      /nix/store/d9i9f63d1121378id4kf2swn06a5grwa-libpng-apng-1.6.37/lib/libpng16.so.16.37.0
7f14599ff000-7f1459a00000 rw-p 00038000 00:16dd 4611686019106225639      /nix/store/d9i9f63d1121378id4kf2swn06a5grwa-libpng-apng-1.6.37/lib/libpng16.so.16.37.0
7f1459a00000-7f145bb6a000 r-xp 00000000 00:16dd 4611686019135190040      /nix/store/gpxl5qgg8kicmcvivwmybwjlpf7wh20l-graalvm17-ce-22.3.0/lib/libjvmcicompiler.so
7f145bb6a000-7f145bd69000 ---p 0216a000 00:16dd 4611686019135190040      /nix/store/gpxl5qgg8kicmcvivwmybwjlpf7wh20l-graalvm17-ce-22.3.0/lib/libjvmcicompiler.so
7f145bd69000-7f145bd6a000 r--p 02169000 00:16dd 4611686019135190040      /nix/store/gpxl5qgg8kicmcvivwmybwjlpf7wh20l-graalvm17-ce-22.3.0/lib/libjvmcicompiler.so
7f145bd6a000-7f145bd6c000 rw-p 0216a000 00:16dd 4611686019135190040      /nix/store/gpxl5qgg8kicmcvivwmybwjlpf7wh20l-graalvm17-ce-22.3.0/lib/libjvmcicompiler.so
7f145bd6c000-7f145bd6d000 rw-p 00000000 00:00 0 
7f145bd6d000-7f145bd72000 rw-p 023c3000 00:16dd 4611686019135190040      /nix/store/gpxl5qgg8kicmcvivwmybwjlpf7wh20l-graalvm17-ce-22.3.0/lib/libjvmcicompiler.so
7f145bd74000-7f145bd76000 r--p 00000000 00:16dd 4611686019091042932      /nix/store/ysl6qj5r7nn63b16954dhk7x47r5yq7i-bzip2-1.0.8/lib/libbz2.so.1.0.8
7f145bd76000-7f145bd83000 r-xp 00002000 00:16dd 4611686019091042932      /nix/store/ysl6qj5r7nn63b16954dhk7x47r5yq7i-bzip2-1.0.8/lib/libbz2.so.1.0.8
7f145bd83000-7f145bd85000 r--p 0000f000 00:16dd 4611686019091042932      /nix/store/ysl6qj5r7nn63b16954dhk7x47r5yq7i-bzip2-1.0.8/lib/libbz2.so.1.0.8
7f145bd85000-7f145bd86000 r--p 00010000 00:16dd 4611686019091042932      /nix/store/ysl6qj5r7nn63b16954dhk7x47r5yq7i-bzip2-1.0.8/lib/libbz2.so.1.0.8
7f145bd86000-7f145bd87000 rw-p 00011000 00:16dd 4611686019091042932      /nix/store/ysl6qj5r7nn63b16954dhk7x47r5yq7i-bzip2-1.0.8/lib/libbz2.so.1.0.8
7f145bd87000-7f145bd8f000 r--p 00000000 00:16dd 4611686019106226301      /nix/store/4llf22n9mbnk5i20zkwa1j6zx5c1gz8h-fontconfig-2.14.0-lib/lib/libfontconfig.so.1.12.0
7f145bd8f000-7f145bdb7000 r-xp 00008000 00:16dd 4611686019106226301      /nix/store/4llf22n9mbnk5i20zkwa1j6zx5c1gz8h-fontconfig-2.14.0-lib/lib/libfontconfig.so.1.12.0
7f145bdb7000-7f145bdd0000 r--p 00030000 00:16dd 4611686019106226301      /nix/store/4llf22n9mbnk5i20zkwa1j6zx5c1gz8h-fontconfig-2.14.0-lib/lib/libfontconfig.so.1.12.0
7f145bdd0000-7f145bdd2000 r--p 00048000 00:16dd 4611686019106226301      /nix/store/4llf22n9mbnk5i20zkwa1j6zx5c1gz8h-fontconfig-2.14.0-lib/lib/libfontconfig.so.1.12.0
7f145bdd2000-7f145bdd3000 rw-p 0004a000 00:16dd 4611686019106226301      /nix/store/4llf22n9mbnk5i20zkwa1j6zx5c1gz8h-fontconfig-2.14.0-lib/lib/libfontconfig.so.1.12.0
7f145bdd3000-7f145bde0000 r--p 00000000 00:16dd 4611686019106087222      /nix/store/xs3v53gpwwpz34aj5h51rz4wxmjfrf08-libxcb-1.14/lib/libxcb.so.1.1.0
7f145bde0000-7f145bdf3000 r-xp 0000d000 00:16dd 4611686019106087222      /nix/store/xs3v53gpwwpz34aj5h51rz4wxmjfrf08-libxcb-1.14/lib/libxcb.so.1.1.0
7f145bdf3000-7f145bdfc000 r--p 00020000 00:16dd 4611686019106087222      /nix/store/xs3v53gpwwpz34aj5h51rz4wxmjfrf08-libxcb-1.14/lib/libxcb.so.1.1.0
7f145bdfc000-7f145bdfd000 r--p 00028000 00:16dd 4611686019106087222      /nix/store/xs3v53gpwwpz34aj5h51rz4wxmjfrf08-libxcb-1.14/lib/libxcb.so.1.1.0
7f145bdfd000-7f145bdfe000 rw-p 00029000 00:16dd 4611686019106087222      /nix/store/xs3v53gpwwpz34aj5h51rz4wxmjfrf08-libxcb-1.14/lib/libxcb.so.1.1.0
7f145bdfe000-7f145bdff000 ---p 00000000 00:00 0 
7f145bdff000-7f145bf00000 rw-p 00000000 00:00 0 
7f145bf00000-7f145bf04000 ---p 00000000 00:00 0 
7f145bf04000-7f145c000000 rw-p 00000000 00:00 0 
7f145c000000-7f145c021000 rw-p 00000000 00:00 0 
7f145c021000-7f1460000000 ---p 00000000 00:00 0 
7f1460000000-7f1460021000 rw-p 00000000 00:00 0 
7f1460021000-7f1464000000 ---p 00000000 00:00 0 
7f1464000000-7f146404f000 rw-p 00000000 00:00 0 
7f146404f000-7f1468000000 ---p 00000000 00:00 0 
7f1468000000-7f146826e000 rw-p 00000000 00:00 0 
7f146826e000-7f146c000000 ---p 00000000 00:00 0 
7f146c000000-7f146c021000 rw-p 00000000 00:00 0 
7f146c021000-7f1470000000 ---p 00000000 00:00 0 
7f1470000000-7f1470021000 rw-p 00000000 00:00 0 
7f1470021000-7f1474000000 ---p 00000000 00:00 0 
7f1474000000-7f1474021000 rw-p 00000000 00:00 0 
7f1474021000-7f1478000000 ---p 00000000 00:00 0 
7f1478000000-7f1478021000 rw-p 00000000 00:00 0 
7f1478021000-7f147c000000 ---p 00000000 00:00 0 
7f147c000000-7f147c021000 rw-p 00000000 00:00 0 
7f147c021000-7f1480000000 ---p 00000000 00:00 0 
7f1480000000-7f1480021000 rw-p 00000000 00:00 0 
7f1480021000-7f1484000000 ---p 00000000 00:00 0 
7f1484000000-7f1484021000 rw-p 00000000 00:00 0 
7f1484021000-7f1488000000 ---p 00000000 00:00 0 
7f1488000000-7f1488021000 rw-p 00000000 00:00 0 
7f1488021000-7f148c000000 ---p 00000000 00:00 0 
7f148c000000-7f148c021000 rw-p 00000000 00:00 0 
7f148c021000-7f1490000000 ---p 00000000 00:00 0 
7f1490000000-7f1490021000 rw-p 00000000 00:00 0 
7f1490021000-7f1494000000 ---p 00000000 00:00 0 
7f1494000000-7f1494021000 rw-p 00000000 00:00 0 
7f1494021000-7f1498000000 ---p 00000000 00:00 0 
7f1498006000-7f1498009000 r--p 00000000 00:16dd 4611686019106103005      /nix/store/bjhi22jj82f08b3mk58p8vaj1778jyzi-libXi-1.8/lib/libXi.so.6.1.0
7f1498009000-7f1498015000 r-xp 00003000 00:16dd 4611686019106103005      /nix/store/bjhi22jj82f08b3mk58p8vaj1778jyzi-libXi-1.8/lib/libXi.so.6.1.0
7f1498015000-7f1498018000 r--p 0000f000 00:16dd 4611686019106103005      /nix/store/bjhi22jj82f08b3mk58p8vaj1778jyzi-libXi-1.8/lib/libXi.so.6.1.0
7f1498018000-7f1498019000 r--p 00011000 00:16dd 4611686019106103005      /nix/store/bjhi22jj82f08b3mk58p8vaj1778jyzi-libXi-1.8/lib/libXi.so.6.1.0
7f1498019000-7f149801a000 rw-p 00012000 00:16dd 4611686019106103005      /nix/store/bjhi22jj82f08b3mk58p8vaj1778jyzi-libXi-1.8/lib/libXi.so.6.1.0
7f149801a000-7f149801e000 ---p 00000000 00:00 0 
7f149801e000-7f149811a000 rw-p 00000000 00:00 0 
7f149811a000-7f149811e000 ---p 00000000 00:00 0 
7f149811e000-7f149821a000 rw-p 00000000 00:00 0 
7f149821a000-7f149821e000 ---p 00000000 00:00 0 
7f149821e000-7f149841a000 rw-p 00000000 00:00 0 
7f149841a000-7f149841e000 ---p 00000000 00:00 0 
7f149841e000-7f149861a000 rw-p 00000000 00:00 0 
7f149861a000-7f149861e000 ---p 00000000 00:00 0 
7f149861e000-7f149871a000 rw-p 00000000 00:00 0 
7f149871a000-7f149871e000 ---p 00000000 00:00 0 
7f149871e000-7f149881a000 rw-p 00000000 00:00 0 
7f149881a000-7f149881e000 ---p 00000000 00:00 0 
7f149881e000-7f149891a000 rw-p 00000000 00:00 0 
7f149891a000-7f1498c00000 r--p 00000000 00:16ce 28444448                 /usr/lib/locale/locale-archive
7f1498c00000-7f1499000000 rw-p 00000000 00:00 0 
7f1499000000-7f1499040000 rw-p 00000000 00:00 0 
7f1499040000-7f1499080000 rw-p 00000000 00:00 0 
7f1499080000-7f1499100000 rw-p 00000000 00:00 0 
7f1499100000-7f1499300000 rw-p 00000000 00:00 0 
7f1499300000-7f1499340000 rw-p 00000000 00:00 0 
7f1499340000-7f1499380000 rw-p 00000000 00:00 0 
7f1499380000-7f1499400000 rw-p 00000000 00:00 0 
7f1499402000-7f1499404000 r--p 00000000 00:16dd 4611686019106084878      /nix/store/09gxmx43bc0snqc2hf094hnxpx2bb4hh-libXdmcp-1.1.3/lib/libXdmcp.so.6.0.0
7f1499404000-7f1499406000 r-xp 00002000 00:16dd 4611686019106084878      /nix/store/09gxmx43bc0snqc2hf094hnxpx2bb4hh-libXdmcp-1.1.3/lib/libXdmcp.so.6.0.0
7f1499406000-7f1499408000 r--p 00004000 00:16dd 4611686019106084878      /nix/store/09gxmx43bc0snqc2hf094hnxpx2bb4hh-libXdmcp-1.1.3/lib/libXdmcp.so.6.0.0
7f1499408000-7f1499409000 r--p 00005000 00:16dd 4611686019106084878      /nix/store/09gxmx43bc0snqc2hf094hnxpx2bb4hh-libXdmcp-1.1.3/lib/libXdmcp.so.6.0.0
7f1499409000-7f149940a000 rw-p 00006000 00:16dd 4611686019106084878      /nix/store/09gxmx43bc0snqc2hf094hnxpx2bb4hh-libXdmcp-1.1.3/lib/libXdmcp.so.6.0.0
7f149940a000-7f149940b000 r--p 00000000 00:16dd 4611686019106084815      /nix/store/8ypkjcki98cwblzc4k0kblxz2zpjqj45-libXau-1.0.9/lib/libXau.so.6.0.0
7f149940b000-7f149940c000 r-xp 00001000 00:16dd 4611686019106084815      /nix/store/8ypkjcki98cwblzc4k0kblxz2zpjqj45-libXau-1.0.9/lib/libXau.so.6.0.0
7f149940c000-7f149940d000 r--p 00002000 00:16dd 4611686019106084815      /nix/store/8ypkjcki98cwblzc4k0kblxz2zpjqj45-libXau-1.0.9/lib/libXau.so.6.0.0
7f149940d000-7f149940e000 r--p 00002000 00:16dd 4611686019106084815      /nix/store/8ypkjcki98cwblzc4k0kblxz2zpjqj45-libXau-1.0.9/lib/libXau.so.6.0.0
7f149940e000-7f149940f000 rw-p 00003000 00:16dd 4611686019106084815      /nix/store/8ypkjcki98cwblzc4k0kblxz2zpjqj45-libXau-1.0.9/lib/libXau.so.6.0.0
7f149940f000-7f1499411000 r--p 00000000 00:16dd 4611686019106103058      /nix/store/f9dalvl8fl889l2qdwgb53svrccaz7yw-libXtst-1.2.3/lib/libXtst.so.6.1.0
7f1499411000-7f1499414000 r-xp 00002000 00:16dd 4611686019106103058      /nix/store/f9dalvl8fl889l2qdwgb53svrccaz7yw-libXtst-1.2.3/lib/libXtst.so.6.1.0
7f1499414000-7f1499415000 r--p 00005000 00:16dd 4611686019106103058      /nix/store/f9dalvl8fl889l2qdwgb53svrccaz7yw-libXtst-1.2.3/lib/libXtst.so.6.1.0
7f1499415000-7f1499416000 r--p 00005000 00:16dd 4611686019106103058      /nix/store/f9dalvl8fl889l2qdwgb53svrccaz7yw-libXtst-1.2.3/lib/libXtst.so.6.1.0
7f1499416000-7f1499417000 rw-p 00006000 00:16dd 4611686019106103058      /nix/store/f9dalvl8fl889l2qdwgb53svrccaz7yw-libXtst-1.2.3/lib/libXtst.so.6.1.0
7f1499417000-7f1499419000 r--p 00000000 00:16dd 4611686019106090732      /nix/store/13cv29rz58179gnajkjcc2ibm9xvw5fk-libXrender-0.9.10/lib/libXrender.so.1.3.0
7f1499419000-7f1499420000 r-xp 00002000 00:16dd 4611686019106090732      /nix/store/13cv29rz58179gnajkjcc2ibm9xvw5fk-libXrender-0.9.10/lib/libXrender.so.1.3.0
7f1499420000-7f1499422000 r--p 00009000 00:16dd 4611686019106090732      /nix/store/13cv29rz58179gnajkjcc2ibm9xvw5fk-libXrender-0.9.10/lib/libXrender.so.1.3.0
7f1499422000-7f1499423000 r--p 0000a000 00:16dd 4611686019106090732      /nix/store/13cv29rz58179gnajkjcc2ibm9xvw5fk-libXrender-0.9.10/lib/libXrender.so.1.3.0
7f1499423000-7f1499424000 rw-p 0000b000 00:16dd 4611686019106090732      /nix/store/13cv29rz58179gnajkjcc2ibm9xvw5fk-libXrender-0.9.10/lib/libXrender.so.1.3.0
7f1499424000-7f1499428000 r--p 00000000 00:16dd 4611686019106090541      /nix/store/qvvaq9p7lw05r7szvsx3c17ca5x8h982-libXext-1.3.4/lib/libXext.so.6.4.0
7f1499428000-7f1499433000 r-xp 00004000 00:16dd 4611686019106090541      /nix/store/qvvaq9p7lw05r7szvsx3c17ca5x8h982-libXext-1.3.4/lib/libXext.so.6.4.0
7f1499433000-7f1499437000 r--p 0000f000 00:16dd 4611686019106090541      /nix/store/qvvaq9p7lw05r7szvsx3c17ca5x8h982-libXext-1.3.4/lib/libXext.so.6.4.0
7f1499437000-7f1499438000 r--p 00012000 00:16dd 4611686019106090541      /nix/store/qvvaq9p7lw05r7szvsx3c17ca5x8h982-libXext-1.3.4/lib/libXext.so.6.4.0
7f1499438000-7f1499439000 rw-p 00013000 00:16dd 4611686019106090541      /nix/store/qvvaq9p7lw05r7szvsx3c17ca5x8h982-libXext-1.3.4/lib/libXext.so.6.4.0
7f1499439000-7f1499496000 r-xp 00000000 00:16dd 4611686019135190015      /nix/store/gpxl5qgg8kicmcvivwmybwjlpf7wh20l-graalvm17-ce-22.3.0/lib/libawt_xawt.so
7f1499496000-7f1499497000 ---p 0005d000 00:16dd 4611686019135190015      /nix/store/gpxl5qgg8kicmcvivwmybwjlpf7wh20l-graalvm17-ce-22.3.0/lib/libawt_xawt.so
7f1499497000-7f1499498000 r--p 0005d000 00:16dd 4611686019135190015      /nix/store/gpxl5qgg8kicmcvivwmybwjlpf7wh20l-graalvm17-ce-22.3.0/lib/libawt_xawt.so
7f1499498000-7f149949a000 rw-p 0005e000 00:16dd 4611686019135190015      /nix/store/gpxl5qgg8kicmcvivwmybwjlpf7wh20l-graalvm17-ce-22.3.0/lib/libawt_xawt.so
7f149949a000-7f149949c000 rw-p 00000000 00:00 0 
7f149949c000-7f14994a7000 rw-p 00075000 00:16dd 4611686019135190015      /nix/store/gpxl5qgg8kicmcvivwmybwjlpf7wh20l-graalvm17-ce-22.3.0/lib/libawt_xawt.so
7f14994a7000-7f14994ae000 r-xp 00000000 00:16dd 4611686019135192580      /nix/store/gpxl5qgg8kicmcvivwmybwjlpf7wh20l-graalvm17-ce-22.3.0/lib/libzip.so
7f14994ae000-7f14994af000 ---p 00007000 00:16dd 4611686019135192580      /nix/store/gpxl5qgg8kicmcvivwmybwjlpf7wh20l-graalvm17-ce-22.3.0/lib/libzip.so
7f14994af000-7f14994b0000 r--p 00007000 00:16dd 4611686019135192580      /nix/store/gpxl5qgg8kicmcvivwmybwjlpf7wh20l-graalvm17-ce-22.3.0/lib/libzip.so
7f14994b0000-7f14994b1000 rw-p 00008000 00:16dd 4611686019135192580      /nix/store/gpxl5qgg8kicmcvivwmybwjlpf7wh20l-graalvm17-ce-22.3.0/lib/libzip.so
7f14994b1000-7f14994b3000 rw-p 0000b000 00:16dd 4611686019135192580      /nix/store/gpxl5qgg8kicmcvivwmybwjlpf7wh20l-graalvm17-ce-22.3.0/lib/libzip.so
7f14994b3000-7f149b4b3000 rw-p 00000000 00:00 0 
7f149b4b3000-7f149b723000 rwxp 00000000 00:00 0 
7f149b723000-7f149ba42000 ---p 00000000 00:00 0 
7f149ba42000-7f149bcd2000 rwxp 00000000 00:00 0 
7f149bcd2000-7f14a2f7a000 ---p 00000000 00:00 0 
7f14a2f7a000-7f14a31ea000 rwxp 00000000 00:00 0 
7f14a31ea000-7f14aa4b3000 ---p 00000000 00:00 0 
7f14aa4b3000-7f14b4000000 r--s 00000000 00:16dd 4611686019135192581      /nix/store/gpxl5qgg8kicmcvivwmybwjlpf7wh20l-graalvm17-ce-22.3.0/lib/modules
7f14b4000000-7f14b421f000 rw-p 00000000 00:00 0 
7f14b421f000-7f14b8000000 ---p 00000000 00:00 0 
7f14b8000000-7f14b8062000 rw-p 00000000 00:00 0 
7f14b8062000-7f14b8077000 r-xp 00000000 00:16dd 4611686019135192570      /nix/store/gpxl5qgg8kicmcvivwmybwjlpf7wh20l-graalvm17-ce-22.3.0/lib/libnet.so
7f14b8077000-7f14b8078000 ---p 00015000 00:16dd 4611686019135192570      /nix/store/gpxl5qgg8kicmcvivwmybwjlpf7wh20l-graalvm17-ce-22.3.0/lib/libnet.so
7f14b8078000-7f14b8079000 r--p 00015000 00:16dd 4611686019135192570      /nix/store/gpxl5qgg8kicmcvivwmybwjlpf7wh20l-graalvm17-ce-22.3.0/lib/libnet.so
7f14b8079000-7f14b807a000 rw-p 00016000 00:16dd 4611686019135192570      /nix/store/gpxl5qgg8kicmcvivwmybwjlpf7wh20l-graalvm17-ce-22.3.0/lib/libnet.so
7f14b807a000-7f14b807d000 rw-p 0001b000 00:16dd 4611686019135192570      /nix/store/gpxl5qgg8kicmcvivwmybwjlpf7wh20l-graalvm17-ce-22.3.0/lib/libnet.so
7f14b807d000-7f14b8090000 r-xp 00000000 00:16dd 4611686019135192571      /nix/store/gpxl5qgg8kicmcvivwmybwjlpf7wh20l-graalvm17-ce-22.3.0/lib/libnio.so
7f14b8090000-7f14b8091000 r--p 00012000 00:16dd 4611686019135192571      /nix/store/gpxl5qgg8kicmcvivwmybwjlpf7wh20l-graalvm17-ce-22.3.0/lib/libnio.so
7f14b8091000-7f14b8092000 rw-p 00013000 00:16dd 4611686019135192571      /nix/store/gpxl5qgg8kicmcvivwmybwjlpf7wh20l-graalvm17-ce-22.3.0/lib/libnio.so
7f14b8092000-7f14b8097000 rw-p 00019000 00:16dd 4611686019135192571      /nix/store/gpxl5qgg8kicmcvivwmybwjlpf7wh20l-graalvm17-ce-22.3.0/lib/libnio.so
7f14b8097000-7f14b809b000 ---p 00000000 00:00 0 
7f14b809b000-7f14b8197000 rw-p 00000000 00:00 0 
7f14b8197000-7f14b819b000 ---p 00000000 00:00 0 
7f14b819b000-7f14b8297000 rw-p 00000000 00:00 0 
7f14b8297000-7f14b8298000 ---p 00000000 00:00 0 
7f14b8298000-7f14b8399000 rw-p 00000000 00:00 0 
7f14b8399000-7f14b8467000 r-xp 00000000 00:16dd 4611686019135190036      /nix/store/gpxl5qgg8kicmcvivwmybwjlpf7wh20l-graalvm17-ce-22.3.0/lib/libjsvml.so
7f14b8467000-7f14b8468000 r--p 000cd000 00:16dd 4611686019135190036      /nix/store/gpxl5qgg8kicmcvivwmybwjlpf7wh20l-graalvm17-ce-22.3.0/lib/libjsvml.so
7f14b8468000-7f14b8469000 rw-p 000ce000 00:16dd 4611686019135190036      /nix/store/gpxl5qgg8kicmcvivwmybwjlpf7wh20l-graalvm17-ce-22.3.0/lib/libjsvml.so
7f14b8469000-7f14b8586000 rw-p 00000000 00:00 0 
7f14b8586000-7f14b8587000 ---p 00000000 00:00 0 
7f14b8587000-7f14b8688000 rw-p 00000000 00:00 0 
7f14b8688000-7f14b8689000 ---p 00000000 00:00 0 
7f14b8689000-7f14b8a8d000 rw-p 00000000 00:00 0 
7f14b8a8d000-7f14b8a8e000 ---p 00000000 00:00 0 
7f14b8a8e000-7f14b8b8f000 rw-p 00000000 00:00 0 
7f14b8b8f000-7f14b8b90000 ---p 00000000 00:00 0 
7f14b8b90000-7f14b8c91000 rw-p 00000000 00:00 0 
7f14b8c91000-7f14b8c92000 ---p 00000000 00:00 0 
7f14b8c92000-7f14b8e7e000 rw-p 00000000 00:00 0 
7f14b8e7e000-7f14b9a36000 ---p 00000000 00:00 0 
7f14b9a36000-7f14b9b0e000 rw-p 00000000 00:00 0 
7f14b9b0e000-7f14ba6c6000 ---p 00000000 00:00 0 
7f14ba6c6000-7f14ba6e8000 rw-p 00000000 00:00 0 
7f14ba6e8000-7f14ba85f000 ---p 00000000 00:00 0 
7f14ba85f000-7f14ba87a000 rw-p 00000000 00:00 0 
7f14ba87a000-7f14ba9f1000 ---p 00000000 00:00 0 
7f14ba9f1000-7f14baa0c000 rw-p 00000000 00:00 0 
7f14baa0c000-7f14bab83000 ---p 00000000 00:00 0 
7f14bab83000-7f14bae8c000 rw-p 00000000 00:00 0 
7f14bae8c000-7f14baf72000 ---p 00000000 00:00 0 
7f14baf72000-7f14baf78000 rw-p 00000000 00:00 0 
7f14baf78000-7f14bb05d000 ---p 00000000 00:00 0 
7f14bb05d000-7f14bb062000 rw-p 00000000 00:00 0 
7f14bb062000-7f14bb069000 ---p 00000000 00:00 0 
7f14bb069000-7f14bb08d000 r-xp 00000000 00:16dd 4611686019135190028      /nix/store/gpxl5qgg8kicmcvivwmybwjlpf7wh20l-graalvm17-ce-22.3.0/lib/libjava.so
7f14bb08d000-7f14bb08e000 ---p 00024000 00:16dd 4611686019135190028      /nix/store/gpxl5qgg8kicmcvivwmybwjlpf7wh20l-graalvm17-ce-22.3.0/lib/libjava.so
7f14bb08e000-7f14bb08f000 r--p 00024000 00:16dd 4611686019135190028      /nix/store/gpxl5qgg8kicmcvivwmybwjlpf7wh20l-graalvm17-ce-22.3.0/lib/libjava.so
7f14bb08f000-7f14bb090000 rw-p 00025000 00:16dd 4611686019135190028      /nix/store/gpxl5qgg8kicmcvivwmybwjlpf7wh20l-graalvm17-ce-22.3.0/lib/libjava.so
7f14bb090000-7f14bb091000 rw-p 00000000 00:00 0 
7f14bb091000-7f14bb098000 rw-p 0002f000 00:16dd 4611686019135190028      /nix/store/gpxl5qgg8kicmcvivwmybwjlpf7wh20l-graalvm17-ce-22.3.0/lib/libjava.so
7f14bb098000-7f14bb0a0000 rw-s 00000000 00:16cb 366                      /tmp/hsperfdata_runner/83
7f14bb0a0000-7f14bb0a1000 ---p 00000000 00:00 0 
7f14bb0a1000-7f14bb0a2000 r--p 00000000 00:00 0 
7f14bb0a2000-7f14bb0a3000 ---p 00000000 00:00 0 
7f14bb0a3000-7f14bb0be000 r-xp 00000000 00:16dd 4611686019135190032      /nix/store/gpxl5qgg8kicmcvivwmybwjlpf7wh20l-graalvm17-ce-22.3.0/lib/libjimage.so
7f14bb0be000-7f14bb0bf000 ---p 0001b000 00:16dd 4611686019135190032      /nix/store/gpxl5qgg8kicmcvivwmybwjlpf7wh20l-graalvm17-ce-22.3.0/lib/libjimage.so
7f14bb0bf000-7f14bb0c1000 r--p 0001b000 00:16dd 4611686019135190032      /nix/store/gpxl5qgg8kicmcvivwmybwjlpf7wh20l-graalvm17-ce-22.3.0/lib/libjimage.so
7f14bb0c1000-7f14bb0c2000 rw-p 0001d000 00:16dd 4611686019135190032      /nix/store/gpxl5qgg8kicmcvivwmybwjlpf7wh20l-graalvm17-ce-22.3.0/lib/libjimage.so
7f14bb0c2000-7f14bb0c3000 rw-p 00024000 00:16dd 4611686019135190032      /nix/store/gpxl5qgg8kicmcvivwmybwjlpf7wh20l-graalvm17-ce-22.3.0/lib/libjimage.so
7f14bb0c3000-7f14bb0c7000 ---p 00000000 00:00 0 
7f14bb0c7000-7f14bb1c3000 rw-p 00000000 00:00 0 
7f14bb1c3000-7f14bb1d1000 r--p 00000000 00:16dd 4611686019027979927      /nix/store/4nlgxhb09sdr51nc9hdm8az5b08vzkgx-glibc-2.35-163/lib/libm.so.6
7f14bb1d1000-7f14bb244000 r-xp 0000e000 00:16dd 4611686019027979927      /nix/store/4nlgxhb09sdr51nc9hdm8az5b08vzkgx-glibc-2.35-163/lib/libm.so.6
7f14bb244000-7f14bb2a1000 r--p 00081000 00:16dd 4611686019027979927      /nix/store/4nlgxhb09sdr51nc9hdm8az5b08vzkgx-glibc-2.35-163/lib/libm.so.6
7f14bb2a1000-7f14bb2a2000 r--p 000dd000 00:16dd 4611686019027979927      /nix/store/4nlgxhb09sdr51nc9hdm8az5b08vzkgx-glibc-2.35-163/lib/libm.so.6
7f14bb2a2000-7f14bb2a3000 rw-p 000de000 00:16dd 4611686019027979927      /nix/store/4nlgxhb09sdr51nc9hdm8az5b08vzkgx-glibc-2.35-163/lib/libm.so.6
7f14bb2a3000-7f14bb2a4000 r--p 00000000 00:16dd 4611686019027979946      /nix/store/4nlgxhb09sdr51nc9hdm8az5b08vzkgx-glibc-2.35-163/lib/librt.so.1
7f14bb2a4000-7f14bb2a5000 r-xp 00001000 00:16dd 4611686019027979946      /nix/store/4nlgxhb09sdr51nc9hdm8az5b08vzkgx-glibc-2.35-163/lib/librt.so.1
7f14bb2a5000-7f14bb2a6000 r--p 00002000 00:16dd 4611686019027979946      /nix/store/4nlgxhb09sdr51nc9hdm8az5b08vzkgx-glibc-2.35-163/lib/librt.so.1
7f14bb2a6000-7f14bb2a7000 r--p 00002000 00:16dd 4611686019027979946      /nix/store/4nlgxhb09sdr51nc9hdm8az5b08vzkgx-glibc-2.35-163/lib/librt.so.1
7f14bb2a7000-7f14bb2a8000 rw-p 00003000 00:16dd 4611686019027979946      /nix/store/4nlgxhb09sdr51nc9hdm8az5b08vzkgx-glibc-2.35-163/lib/librt.so.1
7f14bb2a8000-7f14bc3bb000 r-xp 00000000 00:16dd 4611686019135360866      /nix/store/gpxl5qgg8kicmcvivwmybwjlpf7wh20l-graalvm17-ce-22.3.0/lib/server/libjvm.so
7f14bc3bb000-7f14bc3bc000 ---p 01113000 00:16dd 4611686019135360866      /nix/store/gpxl5qgg8kicmcvivwmybwjlpf7wh20l-graalvm17-ce-22.3.0/lib/server/libjvm.so
7f14bc3bc000-7f14bc471000 r--p 01113000 00:16dd 4611686019135360866      /nix/store/gpxl5qgg8kicmcvivwmybwjlpf7wh20l-graalvm17-ce-22.3.0/lib/server/libjvm.so
7f14bc471000-7f14bc4a5000 rw-p 011c8000 00:16dd 4611686019135360866      /nix/store/gpxl5qgg8kicmcvivwmybwjlpf7wh20l-graalvm17-ce-22.3.0/lib/server/libjvm.so
7f14bc4a5000-7f14bc501000 rw-p 00000000 00:00 0 
7f14bc501000-7f14bc529000 r--p 00000000 00:16dd 4611686019027979918      /nix/store/4nlgxhb09sdr51nc9hdm8az5b08vzkgx-glibc-2.35-163/lib/libc.so.6
7f14bc529000-7f14bc69f000 r-xp 00028000 00:16dd 4611686019027979918      /nix/store/4nlgxhb09sdr51nc9hdm8az5b08vzkgx-glibc-2.35-163/lib/libc.so.6
7f14bc69f000-7f14bc6f7000 r--p 0019e000 00:16dd 4611686019027979918      /nix/store/4nlgxhb09sdr51nc9hdm8az5b08vzkgx-glibc-2.35-163/lib/libc.so.6
7f14bc6f7000-7f14bc6fb000 r--p 001f6000 00:16dd 4611686019027979918      /nix/store/4nlgxhb09sdr51nc9hdm8az5b08vzkgx-glibc-2.35-163/lib/libc.so.6
7f14bc6fb000-7f14bc6fd000 rw-p 001fa000 00:16dd 4611686019027979918      /nix/store/4nlgxhb09sdr51nc9hdm8az5b08vzkgx-glibc-2.35-163/lib/libc.so.6
7f14bc6fd000-7f14bc70c000 rw-p 00000000 00:00 0 
7f14bc70c000-7f14bc70d000 r--p 00000000 00:16dd 4611686019027979923      /nix/store/4nlgxhb09sdr51nc9hdm8az5b08vzkgx-glibc-2.35-163/lib/libdl.so.2
7f14bc70d000-7f14bc70e000 r-xp 00001000 00:16dd 4611686019027979923      /nix/store/4nlgxhb09sdr51nc9hdm8az5b08vzkgx-glibc-2.35-163/lib/libdl.so.2
7f14bc70e000-7f14bc70f000 r--p 00002000 00:16dd 4611686019027979923      /nix/store/4nlgxhb09sdr51nc9hdm8az5b08vzkgx-glibc-2.35-163/lib/libdl.so.2
7f14bc70f000-7f14bc710000 r--p 00002000 00:16dd 4611686019027979923      /nix/store/4nlgxhb09sdr51nc9hdm8az5b08vzkgx-glibc-2.35-163/lib/libdl.so.2
7f14bc710000-7f14bc711000 rw-p 00003000 00:16dd 4611686019027979923      /nix/store/4nlgxhb09sdr51nc9hdm8az5b08vzkgx-glibc-2.35-163/lib/libdl.so.2
7f14bc711000-7f14bc712000 r--p 00000000 00:16dd 4611686019027979942      /nix/store/4nlgxhb09sdr51nc9hdm8az5b08vzkgx-glibc-2.35-163/lib/libpthread.so.0
7f14bc712000-7f14bc713000 r-xp 00001000 00:16dd 4611686019027979942      /nix/store/4nlgxhb09sdr51nc9hdm8az5b08vzkgx-glibc-2.35-163/lib/libpthread.so.0
7f14bc713000-7f14bc714000 r--p 00002000 00:16dd 4611686019027979942      /nix/store/4nlgxhb09sdr51nc9hdm8az5b08vzkgx-glibc-2.35-163/lib/libpthread.so.0
7f14bc714000-7f14bc715000 r--p 00002000 00:16dd 4611686019027979942      /nix/store/4nlgxhb09sdr51nc9hdm8az5b08vzkgx-glibc-2.35-163/lib/libpthread.so.0
7f14bc715000-7f14bc716000 rw-p 00003000 00:16dd 4611686019027979942      /nix/store/4nlgxhb09sdr51nc9hdm8az5b08vzkgx-glibc-2.35-163/lib/libpthread.so.0
7f14bc716000-7f14bc724000 r-xp 00000000 00:16dd 4611686019135190033      /nix/store/gpxl5qgg8kicmcvivwmybwjlpf7wh20l-graalvm17-ce-22.3.0/lib/libjli.so
7f14bc724000-7f14bc725000 ---p 0000e000 00:16dd 4611686019135190033      /nix/store/gpxl5qgg8kicmcvivwmybwjlpf7wh20l-graalvm17-ce-22.3.0/lib/libjli.so
7f14bc725000-7f14bc726000 r--p 0000e000 00:16dd 4611686019135190033      /nix/store/gpxl5qgg8kicmcvivwmybwjlpf7wh20l-graalvm17-ce-22.3.0/lib/libjli.so
7f14bc726000-7f14bc727000 rw-p 0000f000 00:16dd 4611686019135190033      /nix/store/gpxl5qgg8kicmcvivwmybwjlpf7wh20l-graalvm17-ce-22.3.0/lib/libjli.so
7f14bc727000-7f14bc728000 rw-p 00012000 00:16dd 4611686019135190033      /nix/store/gpxl5qgg8kicmcvivwmybwjlpf7wh20l-graalvm17-ce-22.3.0/lib/libjli.so
7f14bc728000-7f14bc72b000 r--p 00000000 00:16dd 4611686019106210071      /nix/store/026hln0aq1hyshaxsdvhg0kmcm6yf45r-zlib-1.2.13/lib/libz.so.1.2.13
7f14bc72b000-7f14bc73d000 r-xp 00003000 00:16dd 4611686019106210071      /nix/store/026hln0aq1hyshaxsdvhg0kmcm6yf45r-zlib-1.2.13/lib/libz.so.1.2.13
7f14bc73d000-7f14bc744000 r--p 00015000 00:16dd 4611686019106210071      /nix/store/026hln0aq1hyshaxsdvhg0kmcm6yf45r-zlib-1.2.13/lib/libz.so.1.2.13
7f14bc744000-7f14bc745000 r--p 0001b000 00:16dd 4611686019106210071      /nix/store/026hln0aq1hyshaxsdvhg0kmcm6yf45r-zlib-1.2.13/lib/libz.so.1.2.13
7f14bc745000-7f14bc746000 rw-p 0001c000 00:16dd 4611686019106210071      /nix/store/026hln0aq1hyshaxsdvhg0kmcm6yf45r-zlib-1.2.13/lib/libz.so.1.2.13
7f14bc746000-7f14bc748000 rw-p 00000000 00:00 0 
7f14bc748000-7f14bc74a000 r--p 00000000 00:16dd 4611686019027979912      /nix/store/4nlgxhb09sdr51nc9hdm8az5b08vzkgx-glibc-2.35-163/lib/ld-linux-x86-64.so.2
7f14bc74a000-7f14bc771000 r-xp 00002000 00:16dd 4611686019027979912      /nix/store/4nlgxhb09sdr51nc9hdm8az5b08vzkgx-glibc-2.35-163/lib/ld-linux-x86-64.so.2
7f14bc771000-7f14bc77d000 r--p 00029000 00:16dd 4611686019027979912      /nix/store/4nlgxhb09sdr51nc9hdm8az5b08vzkgx-glibc-2.35-163/lib/ld-linux-x86-64.so.2
7f14bc77d000-7f14bc77f000 r--p 00034000 00:16dd 4611686019027979912      /nix/store/4nlgxhb09sdr51nc9hdm8az5b08vzkgx-glibc-2.35-163/lib/ld-linux-x86-64.so.2
7f14bc77f000-7f14bc781000 rw-p 00036000 00:16dd 4611686019027979912      /nix/store/4nlgxhb09sdr51nc9hdm8az5b08vzkgx-glibc-2.35-163/lib/ld-linux-x86-64.so.2
7fff1f786000-7fff1f7aa000 rw-p 00000000 00:00 0                          [stack]
7fff1f7f7000-7fff1f7fb000 r--p 00000000 00:00 0                          [vvar]
7fff1f7fb000-7fff1f7fd000 r-xp 00000000 00:00 0                          [vdso]
ffffffffff600000-ffffffffff601000 --xp 00000000 00:00 0                  [vsyscall]


VM Arguments:
jvm_args: -XX:ThreadPriorityPolicy=1 -XX:+UnlockExperimentalVMOptions -XX:+EnableJVMCIProduct -XX:JVMCIThreadsPerNativeLibraryRuntime=1 -XX:-UnlockExperimentalVMOptions 
java_command: Main
java_class_path (initial): .:target/dependency/hamcrest-core-1.3.jar:target/dependency/junit-4.12.jar:target/dependency/json-simple-1.1.1.jar
Launcher Type: SUN_STANDARD

[Global flags]
     intx CICompilerCount                          = 2                                         {product} {ergonomic}
     uint ConcGCThreads                            = 1                                         {product} {ergonomic}
     bool EnableJVMCIProduct                       = true                                {JVMCI product} {jimage}
     uint G1ConcRefinementThreads                  = 3                                         {product} {ergonomic}
   size_t G1HeapRegionSize                         = 1048576                                   {product} {ergonomic}
    uintx GCDrainStackTargetSize                   = 64                                        {product} {ergonomic}
   size_t InitialHeapSize                          = 54525952                                  {product} {ergonomic}
     uint JVMCIThreadsPerNativeLibraryRuntime      = 1                                   {JVMCI product} {jimage}
   size_t MarkStackSize                            = 4194304                                   {product} {ergonomic}
   size_t MaxHeapSize                              = 843055104                                 {product} {ergonomic}
   size_t MaxNewSize                               = 505413632                                 {product} {ergonomic}
   size_t MinHeapDeltaBytes                        = 1048576                                   {product} {ergonomic}
   size_t MinHeapSize                              = 8388608                                   {product} {ergonomic}
    uintx NonNMethodCodeHeapSize                   = 5826188                                {pd product} {ergonomic}
    uintx NonProfiledCodeHeapSize                  = 122916026                              {pd product} {ergonomic}
    uintx ProfiledCodeHeapSize                     = 122916026                              {pd product} {ergonomic}
    uintx ReservedCodeCacheSize                    = 251658240                              {pd product} {ergonomic}
     bool SegmentedCodeCache                       = true                                      {product} {ergonomic}
   size_t SoftMaxHeapSize                          = 843055104                              {manageable} {ergonomic}
     intx ThreadPriorityPolicy                     = 1                                         {product} {jimage}
     bool UseCompressedClassPointers               = true                           {product lp64_product} {ergonomic}
     bool UseCompressedOops                        = true                           {product lp64_product} {ergonomic}
     bool UseG1GC                                  = true                                      {product} {ergonomic}

Logging:
Log output configuration:
 #0: stdout all=warning uptime,level,tags
 #1: stderr all=off uptime,level,tags

Environment Variables:
JAVA_HOME=/nix/store/gpxl5qgg8kicmcvivwmybwjlpf7wh20l-graalvm17-ce-22.3.0
PATH=/nix/store/1d6ian3r8kdzspw8hacjhl3xkp40g1lj-binutils-wrapper-2.39/bin:/nix/store/dq0xwmsk1g0i2ayg6pb7y87na2knzylh-gcc-wrapper-11.3.0/bin:/nix/store/bap4d0lpcrhpwmpb8ayjcgkmvfj62lnq-bash-interactive-5.1-p16/bin:/nix/store/pr5n59mb4jzmfx6kanwxly0l07p861fg-patchelf-0.15.0/bin:/nix/store/1gf2flfqnpqbr1b4p4qz2f72y42bs56r-gcc-11.3.0/bin:/nix/store/57xv61c5zi8pphjbcwxxjlgc34p61ic9-glibc-2.35-163-bin/bin:/nix/store/a7gvj343m05j2s32xcnwr35v31ynlypr-coreutils-9.1/bin:/nix/store/039g378vc3pc3dvi9dzdlrd0i4q93qwf-binutils-2.39/bin:/nix/store/gpxl5qgg8kicmcvivwmybwjlpf7wh20l-graalvm17-ce-22.3.0/bin:/nix/store/6z9ag3ihc8mq2hzsw48lhbznvzny65nz-apache-maven-3.8.6/bin:/nix/store/m6gcpi1ii6rghy04cjwjddcavv7i90df-jdt-language-server-1.9.0/bin:/nix/store/84xs5alhs01zrbr4ywm05kxbjbp5590l-java-debug/bin:/nix/store/mydc6f4k2z73xlcz7ilif3v2lcaiqvza-findutils-4.9.0/bin:/nix/store/j9p3g8472iijd50vhdprx0nmk2fqn5gv-diffutils-3.8/bin:/nix/store/89zs7rms6x00xfq4dq6m7mjnhkr8a6r4-gnused-4.8/bin:/nix/store/86bp03jkmsl6f92w0yzg4s59g5mhxwmy-gnugrep-3.7/bin:/nix/store/hwcdqw4jrjnd37wxqgsd47hd0j8bnj09-gawk-5.1.1/bin:/nix/store/cfbhw8r8ags41vwqaz47r583d0p4h4a1-gnutar-1.34/bin:/nix/store/p3m1ndl1lapwrlh698bnb5lvvxh67378-gzip-1.12/bin:/nix/store/a8mhcagrsly7c7mpjrpsnaahk4aax056-bzip2-1.0.8-bin/bin:/nix/store/mblgz65m3zv9x548a3d5m96fj2pbwr09-gnumake-4.3/bin:/nix/store/dsd5gz46hdbdk2rfdimqddhq6m8m8fqs-bash-5.1-p16/bin:/nix/store/v7ljksji50mg3w61dykaa3n3y79n6nil-patch-2.7.6/bin:/nix/store/zlcnmqq14jz5x9439jf937mvayyl63da-xz-5.2.7-bin/bin:/nix/store/y6aj732zm9m87c82fpvf103a1xb22blp-file-5.43/bin:/nix/store/i4kzir3m7mrisxmf5xvlnkw01x4qaqr4-prybar-elisp-0.0.0-e0d9a52/bin:/nix/store/lwwivxf6h7x3cvxp9zv8sj0mv7dak99r-prybar-lua-0.0.0-e0d9a52/bin:/nix/store/gxj28g1cg4hq3qanmjv07156h800qr58-prybar-python3-0.0.0-e0d9a52/bin:/nix/store/hshkjnxrgidigf8x75vg6lqng2xlx9i3-prybar-sqlite-0.0.0-e0d9a52/bin:/nix/store/c4w01bpjgyy5ixmwdk8m1pw87zq4sl26-prybar-tcl-0.0.0-e0d9a52/bin:/nix/store/hpbvrlwd5viqmvcaisb3x0118i913a9n-st
LD_LIBRARY_PATH=/nix/store/a4pff549sk2idnkpzk5nsfps3mdkdnvm-cups-2.4.2-lib/lib:/nix/store/72mqxxhh3cy5yifh92wh2yb8cl2hikyy-cairo-1.16.0/lib:/nix/store/2k366jrbsra97gjfxwvrhvixjfxdach5-glib-2.74.1/lib:/nix/store/2j2znigd8ak37rlwh9khz0ry3clqlw1l-gtk+3-3.24.34/lib:/nix/store/hisqvx32cd57apbpcsnkpx6k3549wql1-libglvnd-1.4.0/lib:/nix/store/p36pgcv991mq5srvg765b78yqpxvk3qs-mesa-21.3.3-drivers/lib:/nix/store/mav4251if1ahjq5vkpwycyyvnmy459c4-pulseaudio-14.2/lib
DISPLAY=:0
LANG=en_US.UTF-8
TERM=xterm-256color

Signal Handlers:
   SIGSEGV: crash_handler in libjvm.so, mask=11100100010111111101111111111110, flags=SA_RESTART|SA_SIGINFO
    SIGBUS: crash_handler in libjvm.so, mask=11100100010111111101111111111110, flags=SA_RESTART|SA_SIGINFO
    SIGFPE: crash_handler in libjvm.so, mask=11100100010111111101111111111110, flags=SA_RESTART|SA_SIGINFO
   SIGPIPE: IsolateEnterStub_IgnoreSIGPIPEStartupHook_noopSignalHandler_8f19bff2f35b5f630d83b364d6b2339320d4ec70_216e8361c6bc87a8f89f58cc10d3b2fd4415bf87 in libjvmcicompiler.so, mask=00000000000000000000000000000000, flags=SA_RESTART
  *** Handler was modified!
  *** Expected: javaSignalHandler in libjvm.so, mask=11100100110111111111111111111110, flags=SA_RESTART|SA_SIGINFO
   SIGXFSZ: javaSignalHandler in libjvm.so, mask=11100100010111111101111111111110, flags=SA_RESTART|SA_SIGINFO
    SIGILL: crash_handler in libjvm.so, mask=11100100010111111101111111111110, flags=SA_RESTART|SA_SIGINFO
   SIGUSR2: SR_handler in libjvm.so, mask=00000000000000000000000000000000, flags=SA_RESTART|SA_SIGINFO
    SIGHUP: UserHandler in libjvm.so, mask=11100100010111111101111111111110, flags=SA_RESTART|SA_SIGINFO
    SIGINT: UserHandler in libjvm.so, mask=11100100010111111101111111111110, flags=SA_RESTART|SA_SIGINFO
   SIGTERM: UserHandler in libjvm.so, mask=11100100010111111101111111111110, flags=SA_RESTART|SA_SIGINFO
   SIGQUIT: UserHandler in libjvm.so, mask=11100100010111111101111111111110, flags=SA_RESTART|SA_SIGINFO
  *** Handler was modified!
  *** Expected: javaSignalHandler in libjvm.so, mask=11100100110111111111111111111110, flags=SA_RESTART|SA_SIGINFO
   SIGTRAP: crash_handler in libjvm.so, mask=11100100010111111101111111111110, flags=SA_RESTART|SA_SIGINFO


---------------  S Y S T E M  ---------------

OS:
DISTRIB_ID=Ubuntu
DISTRIB_RELEASE=20.04
DISTRIB_CODENAME=focal
DISTRIB_DESCRIPTION="Ubuntu 20.04.2 LTS"
uname: Linux 5.15.0-1031-gcp #38~20.04.1-Ubuntu SMP Sun Mar 12 04:47:58 UTC 2023 x86_64
OS uptime: 0 days 1:17 hours
libc: glibc 2.35 NPTL 2.35 
rlimit (soft/hard): STACK 8192k/infinity , CORE infinity/infinity , NPROC infinity/infinity , NOFILE 20971/20971 , AS infinity/infinity , CPU infinity/infinity , DATA infinity/infinity , FSIZE infinity/infinity , MEMLOCK 64k/64k
load average: 75.87 65.72 54.35

/proc/meminfo:
MemTotal:       65852696 kB
MemFree:        19274728 kB
MemAvailable:   47840564 kB
Buffers:         1047900 kB
Cached:         22760308 kB
SwapCached:            0 kB
Active:          6006416 kB
Inactive:       31858520 kB
Active(anon):      15824 kB
Inactive(anon): 14067104 kB
Active(file):    5990592 kB
Inactive(file): 17791416 kB
Unevictable:       44036 kB
Mlocked:           44036 kB
SwapTotal:             0 kB
SwapFree:              0 kB
Dirty:            220784 kB
Writeback:           868 kB
AnonPages:      13733052 kB
Mapped:          2890936 kB
Shmem:            181772 kB
KReclaimable:    5510588 kB
Slab:            7416220 kB
SReclaimable:    5510588 kB
SUnreclaim:      1905632 kB
KernelStack:      471652 kB
PageTables:       332368 kB
NFS_Unstable:          0 kB
Bounce:                0 kB
WritebackTmp:          0 kB
CommitLimit:    32926348 kB
Committed_AS:   68276960 kB
VmallocTotal:   34359738367 kB
VmallocUsed:      502248 kB
VmallocChunk:          0 kB
Percpu:            49120 kB
HardwareCorrupted:     0 kB
AnonHugePages:   1538048 kB
ShmemHugePages:        0 kB
ShmemPmdMapped:        0 kB
FileHugePages:         0 kB
FilePmdMapped:         0 kB
HugePages_Total:       0
HugePages_Free:        0
HugePages_Rsvd:        0
HugePages_Surp:        0
Hugepagesize:       2048 kB
Hugetlb:               0 kB
DirectMap4k:     2517816 kB
DirectMap2M:    48859136 kB
DirectMap1G:    17825792 kB

/sys/kernel/mm/transparent_hugepage/enabled: always [madvise] never
/sys/kernel/mm/transparent_hugepage/defrag (defrag/compaction efforts parameter): always defer defer+madvise [madvise] never

Process Memory:
Virtual Size: 4187148K (peak: 4291036K)
Resident Set Size: 87436K (peak: 155460K) (anon: 43620K, file: 43816K, shmem: 0K)
Swapped out: 0K
C-Heap outstanding allocations: 19572K, retained: 4419K
glibc malloc tunables: (default)

/proc/sys/kernel/threads-max (system-wide limit on the number of threads): 514406
/proc/sys/vm/max_map_count (maximum number of memory map areas a process may have): 65530
/proc/sys/kernel/pid_max (system-wide limit on number of process identifiers): 4194304

container (cgroup) information:
container_type: cgroupv1
cpu_cpuset_cpus: 2-7
cpu_memory_nodes: 0
active_processor_count: 2
cpu_quota: 200000
cpu_period: 100000
cpu_shares: no shares
memory_limit_in_bytes: 3292528 k
memory_and_swap_limit_in_bytes: 3292528 k
memory_soft_limit_in_bytes: 2097152 k
memory_usage_in_bytes: 207572 k
memory_max_usage_in_bytes: 313232 k
maximum number of tasks: 1000
current number of tasks: 48

KVM virtualization detected
Steal ticks since vm start: 0
Steal ticks percentage since vm start:  0.000

CPU: total 8 (initial active 3) (8 cores per cpu, 2 threads per core) family 23 model 49 stepping 0 microcode 0xffffffff, cx8, cmov, fxsr, ht, mmx, 3dnowpref, sse, sse2, sse3, ssse3, sse4a, sse4.1, sse4.2, popcnt, lzcnt, tsc, tscinvbit, avx, avx2, aes, clmul, bmi1, bmi2, adx, sha, fma, vzeroupper, clflush, clflushopt, hv
CPU Model and flags from /proc/cpuinfo:
model name	: AMD EPYC 7B12
flags		: fpu vme de pse tsc msr pae mce cx8 apic sep mtrr pge mca cmov pat pse36 clflush mmx fxsr sse sse2 ht syscall nx mmxext fxsr_opt pdpe1gb rdtscp lm constant_tsc rep_good nopl nonstop_tsc cpuid extd_apicid tsc_known_freq pni pclmulqdq ssse3 fma cx16 sse4_1 sse4_2 movbe popcnt aes xsave avx f16c rdrand hypervisor lahf_lm cmp_legacy cr8_legacy abm sse4a misalignsse 3dnowprefetch osvw topoext ssbd ibrs ibpb stibp vmmcall fsgsbase tsc_adjust bmi1 avx2 smep bmi2 rdseed adx smap clflushopt clwb sha_ni xsaveopt xsavec xgetbv1 clzero xsaveerptr arat npt nrip_save umip rdpid

Online cpus: 0-7
Offline cpus: 
BIOS frequency limitation: <Not Available>
Frequency switch latency (ns): <Not Available>
Available cpu frequencies: <Not Available>
Current governor: <Not Available>
Core performance/turbo boost: <Not Available>

Memory: 4k page, physical 3292528k(3084944k free), swap 0k(0k free)
Page Sizes: 4k

vm_info: OpenJDK 64-Bit Server VM (17.0.5+8-jvmci-22.3-b08) for linux-amd64 JRE (17.0.5+8-jvmci-22.3-b08), built on Oct 19 2022 09:01:27 by "buildslave" with gcc 10.3.0

END.
